#
# A fatal error has been detected by the Java Runtime Environment:
#
#  EXCEPTION_ACCESS_VIOLATION (0xc0000005) at pc=0x00007ffd3ad4e0a9, pid=1796, tid=10464
#
# JRE version: OpenJDK Runtime Environment Microsoft-8035246 (17.0.8+7) (build 17.0.8+7-LTS)
# Java VM: OpenJDK 64-Bit Server VM Microsoft-8035246 (17.0.8+7-LTS, mixed mode, sharing, tiered, compressed oops, compressed class ptrs, g1 gc, windows-amd64)
# Problematic frame:
# V  [jvm.dll+0x2be0a9]
#
# No core dump will be written. Minidumps are not enabled by default on client versions of Windows
#
# If you would like to submit a bug report, please visit:
#   https://github.com/microsoft/openjdk/issues
#

---------------  S U M M A R Y ------------

Command Line: -XX:MaxMetaspaceSize=512m --add-opens=java.base/java.util=ALL-UNNAMED --add-opens=java.base/java.lang=ALL-UNNAMED --add-opens=java.base/java.lang.invoke=ALL-UNNAMED --add-opens=java.prefs/java.util.prefs=ALL-UNNAMED --add-opens=java.base/java.nio.charset=ALL-UNNAMED --add-opens=java.base/java.net=ALL-UNNAMED --add-opens=java.base/java.util.concurrent.atomic=ALL-UNNAMED -Xmx2048m -Dfile.encoding=windows-1252 -Duser.country=ZA -Duser.language=en -Duser.variant -javaagent:C:\Users\lab_services_student\.gradle\wrapper\dists\gradle-8.3-all\6en3ugtfdg5xnpx44z4qbwgas\gradle-8.3\lib\agents\gradle-instrumentation-agent-8.3.jar org.gradle.launcher.daemon.bootstrap.GradleDaemon 8.3

Host: Intel(R) Xeon(R) Platinum 8272CL CPU @ 2.60GHz, 4 cores, 15G,  Windows 11 , 64 bit Build 22000 (10.0.22000.2538)
Time: Tue Apr 30 12:13:55 2024 South Africa Standard Time elapsed time: 37.321510 seconds (0d 0h 0m 37s)

---------------  T H R E A D  ---------------

Current thread (0x00000214e99672a0):  JavaThread "C2 CompilerThread1" daemon [_thread_in_native, id=10464, stack(0x000000c93cf00000,0x000000c93d000000)]


Current CompileTask:
C2:  37321 14539   !   4       org.gradle.cache.internal.DefaultMultiProcessSafeIndexedCache::getIfPresent (25 bytes)

Stack: [0x000000c93cf00000,0x000000c93d000000],  sp=0x000000c93cffb870,  free space=1006k
Native frames: (J=compiled Java code, j=interpreted, Vv=VM code, C=native code)
V  [jvm.dll+0x2be0a9]
V  [jvm.dll+0x21ba8b]
V  [jvm.dll+0x21944b]
V  [jvm.dll+0x1a56b6]
V  [jvm.dll+0x2291ea]
V  [jvm.dll+0x22724c]
V  [jvm.dll+0x7efd0c]
V  [jvm.dll+0x7ea13a]
V  [jvm.dll+0x67ad85]
C  [ucrtbase.dll+0x26c0c]
C  [KERNEL32.DLL+0x153e0]
C  [ntdll.dll+0x485b]


siginfo: EXCEPTION_ACCESS_VIOLATION (0xc0000005), reading address 0x0000000000000028


Register to memory mapping:

RIP=0x00007ffd3ad4e0a9 jvm.dll
RAX=0x00000214e9ff6ce0 points into unknown readable memory: 0x0000000000000000 | 00 00 00 00 00 00 00 00
RBX=0x0000000000001928 is an unknown value
RCX=0x0 is NULL
RDX=0x0 is NULL
RSP=0x000000c93cffb870 is pointing into the stack for thread: 0x00000214e99672a0
RBP=0x000000c93cffb8e0 is pointing into the stack for thread: 0x00000214e99672a0
RSI=0x0 is NULL
RDI=0x000000000000004d is an unknown value
R8 =0x000000000000ffe0 is an unknown value
R9 =0x0 is NULL
R10=0x00007ffdb7610000 VCRUNTIME140.dll
R11=0x00000214e9ff6d00 points into unknown readable memory: 0x0000000000000000 | 00 00 00 00 00 00 00 00
R12=0x0000000000000050 is an unknown value
R13=0x0 is NULL
R14=0x0 is NULL
R15=0x000000c93cffea90 is pointing into the stack for thread: 0x00000214e99672a0


Registers:
RAX=0x00000214e9ff6ce0, RBX=0x0000000000001928, RCX=0x0000000000000000, RDX=0x0000000000000000
RSP=0x000000c93cffb870, RBP=0x000000c93cffb8e0, RSI=0x0000000000000000, RDI=0x000000000000004d
R8 =0x000000000000ffe0, R9 =0x0000000000000000, R10=0x00007ffdb7610000, R11=0x00000214e9ff6d00
R12=0x0000000000000050, R13=0x0000000000000000, R14=0x0000000000000000, R15=0x000000c93cffea90
RIP=0x00007ffd3ad4e0a9, EFLAGS=0x0000000000010202

Top of Stack: (sp=0x000000c93cffb870)
0x000000c93cffb870:   0000000000001928 0000000000000000
0x000000c93cffb880:   000000c93cffea90 00007ffd3acb38d1
0x000000c93cffb890:   00000214f06f5850 00007ffd00002000
0x000000c93cffb8a0:   00000214e9ff6ce0 0000000000000000
0x000000c93cffb8b0:   0000000000000002 00000214f078ee10
0x000000c93cffb8c0:   0000000000000002 00000214f06f5850
0x000000c93cffb8d0:   0000000000000000 0000000000000000
0x000000c93cffb8e0:   00000214ead2f490 00000214a824ceb0
0x000000c93cffb8f0:   000000000000004d 00007ffd3b3d4c08
0x000000c93cffb900:   000000c93cffba10 00007ffd3acaba8b
0x000000c93cffb910:   000000c93cffea90 00007ffd3b3d4c08
0x000000c93cffb920:   000000c93cffea90 000000c93cffba10
0x000000c93cffb930:   0000021400000000 00007ffd3b0ab7fb
0x000000c93cffb940:   000000c90000000f 000000c93cffea90
0x000000c93cffb950:   000000c93cffbac0 0000000000000000
0x000000c93cffb960:   0000021400000100 00007ffd3b3d4c08 

Instructions: (pc=0x00007ffd3ad4e0a9)
0x00007ffd3ad4dfa9:   3b d0 75 0b ff c1 41 3b c9 7c dc 48 8b c2 c3 33
0x00007ffd3ad4dfb9:   c0 c3 cc cc cc cc cc 48 89 5c 24 18 55 56 57 41
0x00007ffd3ad4dfc9:   55 41 57 48 8b ec 48 83 ec 70 65 48 8b 04 25 58
0x00007ffd3ad4dfd9:   00 00 00 48 8b f2 44 8b 05 d2 8b 90 00 4c 8b f9
0x00007ffd3ad4dfe9:   4a 8b 1c c0 b8 50 00 00 00 80 3c 18 00 75 05 e8
0x00007ffd3ad4dff9:   8b 6f 5d 00 b8 20 00 00 00 48 8b 04 18 48 8b 98
0x00007ffd3ad4e009:   38 02 00 00 48 89 5d b0 c7 45 b8 04 00 00 00 48
0x00007ffd3ad4e019:   8b 43 18 48 83 f8 df 76 18 4c 8d 05 37 a9 65 00
0x00007ffd3ad4e029:   ba 20 00 00 00 48 8b cb e8 5a eb de ff 48 8b 43
0x00007ffd3ad4e039:   18 48 8d 48 20 48 3b 4b 20 76 11 45 33 c0 48 8b
0x00007ffd3ad4e049:   cb 41 8d 50 20 e8 fd e8 de ff eb 04 48 89 4b 18
0x00007ffd3ad4e059:   44 8b 45 b8 33 d2 49 c1 e0 03 48 8b c8 48 89 45
0x00007ffd3ad4e069:   c0 e8 e3 80 5d 00 45 33 ed 48 8d 4d d0 44 89 6d
0x00007ffd3ad4e079:   c8 e8 01 59 56 00 41 8b 9f 40 02 00 00 41 2b 9f
0x00007ffd3ad4e089:   68 02 00 00 44 89 6d f0 3b 5d b8 72 0b 8b d3 48
0x00007ffd3ad4e099:   8d 4d b0 e8 6f b3 39 00 48 8b 45 c0 4c 89 2c d8
0x00007ffd3ad4e0a9:   8b 7e 28 8b df c1 eb 05 3b 5d d0 72 0b 8b d3 48
0x00007ffd3ad4e0b9:   8d 4d d0 e8 1f 59 56 00 48 8b 45 d8 83 e7 1f 48
0x00007ffd3ad4e0c9:   8d 14 98 40 0f b6 cf 41 b8 01 00 00 00 41 d3 e0
0x00007ffd3ad4e0d9:   8b 0a 8b c1 41 0b c0 89 02 41 85 c8 75 21 8b 5d
0x00007ffd3ad4e0e9:   c8 8d 43 01 89 45 c8 3b 5d b8 72 0b 8b d3 48 8d
0x00007ffd3ad4e0f9:   4d b0 e8 10 b3 39 00 48 8b 45 c0 48 89 34 d8 44
0x00007ffd3ad4e109:   39 6d c8 0f 86 77 01 00 00 4c 89 a4 24 a0 00 00
0x00007ffd3ad4e119:   00 4c 89 b4 24 a8 00 00 00 48 8b 45 c0 41 8b cd
0x00007ffd3ad4e129:   48 8b 34 c8 8b 46 2c 25 ff 1f 00 00 3d 04 10 00
0x00007ffd3ad4e139:   00 0f 85 a7 00 00 00 bb 01 00 00 00 39 5e 18 76
0x00007ffd3ad4e149:   39 66 0f 1f 44 00 00 48 8b 46 08 8b cb 48 8b 14
0x00007ffd3ad4e159:   c8 48 85 d2 74 1d 48 83 7a 10 00 74 16 80 7a 2c
0x00007ffd3ad4e169:   84 74 10 e8 7f 7e ee ff 48 8b d0 49 8b cf e8 a4
0x00007ffd3ad4e179:   61 f6 ff ff c3 3b 5e 18 72 cd 48 8b 5e 10 8b 46
0x00007ffd3ad4e189:   20 4c 8d 34 c3 49 3b de 73 54 48 8b 3b 8b 47 2c
0x00007ffd3ad4e199:   83 e0 03 3c 03 75 2e 48 8b 07 48 8b cf ff 90 88 


Stack slot to memory mapping:
stack at sp + 0 slots: 0x0000000000001928 is an unknown value
stack at sp + 1 slots: 0x0 is NULL
stack at sp + 2 slots: 0x000000c93cffea90 is pointing into the stack for thread: 0x00000214e99672a0
stack at sp + 3 slots: 0x00007ffd3acb38d1 jvm.dll
stack at sp + 4 slots: 0x00000214f06f5850 points into unknown readable memory: 0x0000000000000006 | 06 00 00 00 00 00 00 00
stack at sp + 5 slots: 0x00007ffd00002000 is an unknown value
stack at sp + 6 slots: 0x00000214e9ff6ce0 points into unknown readable memory: 0x0000000000000000 | 00 00 00 00 00 00 00 00
stack at sp + 7 slots: 0x0 is NULL


---------------  P R O C E S S  ---------------

Threads class SMR info:
_java_thread_list=0x00000214eaba8080, length=92, elements={
0x00000214a8235e20, 0x00000214c5e26dc0, 0x00000214c5e27980, 0x00000214c5e41060,
0x00000214c5e41a20, 0x00000214c5e423e0, 0x00000214c5e45550, 0x00000214c5e46a90,
0x00000214c5e4d620, 0x00000214c5e4e3d0, 0x00000214c5e12f30, 0x00000214e51b7f70,
0x00000214e745f2b0, 0x00000214e7126230, 0x00000214e61ee3b0, 0x00000214e5c978c0,
0x00000214e671c840, 0x00000214e7a903f0, 0x00000214e6c3fa40, 0x00000214e73b7f90,
0x00000214e73b7060, 0x00000214e73b93d0, 0x00000214e73b84a0, 0x00000214e73b98e0,
0x00000214e73b9df0, 0x00000214e73ba300, 0x00000214e73b8ec0, 0x00000214e73ba810,
0x00000214e73b7570, 0x00000214e73b7a80, 0x00000214e8464880, 0x00000214e8467b20,
0x00000214e8463440, 0x00000214e8462510, 0x00000214e8465cc0, 0x00000214e84615e0,
0x00000214e8467610, 0x00000214e8463e60, 0x00000214e8462f30, 0x00000214e84666e0,
0x00000214e8464d90, 0x00000214e84652a0, 0x00000214e84657b0, 0x00000214e84661d0,
0x00000214e8466bf0, 0x00000214e8462000, 0x00000214e84606b0, 0x00000214e8468030,
0x00000214e8460bc0, 0x00000214e7a37090, 0x00000214e7a36b80, 0x00000214e7a36160,
0x00000214e7a35230, 0x00000214e7a31570, 0x00000214e7a36670, 0x00000214e7a31060,
0x00000214e7a33df0, 0x00000214e7a338e0, 0x00000214e7a35740, 0x00000214e7a375a0,
0x00000214e7a31a80, 0x00000214e7a34300, 0x00000214e7a34810, 0x00000214e7a389e0,
0x00000214e7a37fc0, 0x00000214e7a384d0, 0x00000214e9637bb0, 0x00000214e9632fc0,
0x00000214e9639f20, 0x00000214e9633ef0, 0x00000214e9635840, 0x00000214e9638ae0,
0x00000214e99672a0, 0x00000214e9638ff0, 0x00000214e96339e0, 0x00000214e9637190,
0x00000214e9639a10, 0x00000214e9639500, 0x00000214e9636770, 0x00000214e9634400,
0x00000214e9634910, 0x00000214e9634e20, 0x00000214e9636c80, 0x00000214e96385d0,
0x00000214e9635330, 0x00000214e84610d0, 0x00000214e73b89b0, 0x00000214e648c360,
0x00000214e648d7a0, 0x00000214e648c870, 0x00000214e648cd80, 0x00000214e648fb10
}

Java Threads: ( => current thread )
  0x00000214a8235e20 JavaThread "main" [_thread_blocked, id=8516, stack(0x000000c93ac00000,0x000000c93ad00000)]
  0x00000214c5e26dc0 JavaThread "Reference Handler" daemon [_thread_blocked, id=12116, stack(0x000000c93b300000,0x000000c93b400000)]
  0x00000214c5e27980 JavaThread "Finalizer" daemon [_thread_blocked, id=7428, stack(0x000000c93b400000,0x000000c93b500000)]
  0x00000214c5e41060 JavaThread "Signal Dispatcher" daemon [_thread_blocked, id=11148, stack(0x000000c93b500000,0x000000c93b600000)]
  0x00000214c5e41a20 JavaThread "Attach Listener" daemon [_thread_blocked, id=5228, stack(0x000000c93b600000,0x000000c93b700000)]
  0x00000214c5e423e0 JavaThread "Service Thread" daemon [_thread_blocked, id=7800, stack(0x000000c93b700000,0x000000c93b800000)]
  0x00000214c5e45550 JavaThread "Monitor Deflation Thread" daemon [_thread_blocked, id=10440, stack(0x000000c93b800000,0x000000c93b900000)]
  0x00000214c5e46a90 JavaThread "C2 CompilerThread0" daemon [_thread_in_native, id=5712, stack(0x000000c93b900000,0x000000c93ba00000)]
  0x00000214c5e4d620 JavaThread "C1 CompilerThread0" daemon [_thread_blocked, id=11472, stack(0x000000c93ba00000,0x000000c93bb00000)]
  0x00000214c5e4e3d0 JavaThread "Sweeper thread" daemon [_thread_blocked, id=12700, stack(0x000000c93bb00000,0x000000c93bc00000)]
  0x00000214c5e12f30 JavaThread "Common-Cleaner" daemon [_thread_blocked, id=6132, stack(0x000000c93bc00000,0x000000c93bd00000)]
  0x00000214e51b7f70 JavaThread "Notification Thread" daemon [_thread_blocked, id=11816, stack(0x000000c93bd00000,0x000000c93be00000)]
  0x00000214e745f2b0 JavaThread "Daemon health stats" [_thread_blocked, id=12532, stack(0x000000c93c300000,0x000000c93c400000)]
  0x00000214e7126230 JavaThread "Incoming local TCP Connector on port 50951" [_thread_in_native, id=4048, stack(0x000000c93c400000,0x000000c93c500000)]
  0x00000214e61ee3b0 JavaThread "Daemon periodic checks" [_thread_blocked, id=9496, stack(0x000000c93c500000,0x000000c93c600000)]
  0x00000214e5c978c0 JavaThread "Daemon" [_thread_blocked, id=10836, stack(0x000000c93c600000,0x000000c93c700000)]
  0x00000214e671c840 JavaThread "Handler for socket connection from /127.0.0.1:50951 to /127.0.0.1:50952" [_thread_in_native, id=1732, stack(0x000000c93c700000,0x000000c93c800000)]
  0x00000214e7a903f0 JavaThread "Cancel handler" [_thread_blocked, id=2188, stack(0x000000c93c800000,0x000000c93c900000)]
  0x00000214e6c3fa40 JavaThread "Daemon worker" [_thread_blocked, id=12348, stack(0x000000c93c900000,0x000000c93ca00000)]
  0x00000214e73b7f90 JavaThread "Asynchronous log dispatcher for DefaultDaemonConnection: socket connection from /127.0.0.1:50951 to /127.0.0.1:50952" [_thread_blocked, id=8016, stack(0x000000c93ca00000,0x000000c93cb00000)]
  0x00000214e73b7060 JavaThread "Stdin handler" [_thread_blocked, id=2788, stack(0x000000c93cb00000,0x000000c93cc00000)]
  0x00000214e73b93d0 JavaThread "Daemon client event forwarder" [_thread_blocked, id=8404, stack(0x000000c93cc00000,0x000000c93cd00000)]
  0x00000214e73b84a0 JavaThread "Cache worker for journal cache (C:\Users\lab_services_student\.gradle\caches\journal-1)" [_thread_blocked, id=4936, stack(0x000000c93cd00000,0x000000c93ce00000)]
  0x00000214e73b98e0 JavaThread "File lock request listener" [_thread_in_native, id=9916, stack(0x000000c93ce00000,0x000000c93cf00000)]
  0x00000214e73b9df0 JavaThread "Cache worker for file hash cache (C:\Users\lab_services_student\.gradle\caches\8.3\fileHashes)" [_thread_blocked, id=13280, stack(0x000000c93bf00000,0x000000c93c000000)]
  0x00000214e73ba300 JavaThread "File watcher server" daemon [_thread_in_native, id=4880, stack(0x000000c93d000000,0x000000c93d100000)]
  0x00000214e73b8ec0 JavaThread "File watcher consumer" daemon [_thread_blocked, id=11728, stack(0x000000c93d100000,0x000000c93d200000)]
  0x00000214e73ba810 JavaThread "Cache worker for checksums cache (C:\Users\lab_services_student\Documents\bookProject\AwesomeProject\android\.gradle\8.3\checksums)" [_thread_blocked, id=13144, stack(0x000000c93d200000,0x000000c93d300000)]
  0x00000214e73b7570 JavaThread "Cache worker for file hash cache (C:\Users\lab_services_student\Documents\bookProject\AwesomeProject\android\.gradle\8.3\fileHashes)" [_thread_blocked, id=6664, stack(0x000000c93d300000,0x000000c93d400000)]
  0x00000214e73b7a80 JavaThread "Cache worker for cache directory md-supplier (C:\Users\lab_services_student\.gradle\caches\8.3\md-supplier)" [_thread_blocked, id=5256, stack(0x000000c93d400000,0x000000c93d500000)]
  0x00000214e8464880 JavaThread "Cache worker for file content cache (C:\Users\lab_services_student\.gradle\caches\8.3\fileContent)" [_thread_blocked, id=1500, stack(0x000000c93d500000,0x000000c93d600000)]
  0x00000214e8467b20 JavaThread "Cache worker for cache directory md-rule (C:\Users\lab_services_student\.gradle\caches\8.3\md-rule)" [_thread_blocked, id=4932, stack(0x000000c93d600000,0x000000c93d700000)]
  0x00000214e8463440 JavaThread "Cache worker for execution history cache (C:\Users\lab_services_student\.gradle\caches\8.3\executionHistory)" [_thread_blocked, id=8764, stack(0x000000c93d700000,0x000000c93d800000)]
  0x00000214e8462510 JavaThread "jar transforms" [_thread_blocked, id=11544, stack(0x000000c93d800000,0x000000c93d900000)]
  0x00000214e8465cc0 JavaThread "jar transforms Thread 2" [_thread_blocked, id=4440, stack(0x000000c93d900000,0x000000c93da00000)]
  0x00000214e84615e0 JavaThread "jar transforms Thread 3" [_thread_blocked, id=12320, stack(0x000000c93da00000,0x000000c93db00000)]
  0x00000214e8467610 JavaThread "jar transforms Thread 4" [_thread_blocked, id=9632, stack(0x000000c93db00000,0x000000c93dc00000)]
  0x00000214e8463e60 JavaThread "Cache worker for kotlin-dsl (C:\Users\lab_services_student\.gradle\caches\8.3\kotlin-dsl)" [_thread_blocked, id=4368, stack(0x000000c93dc00000,0x000000c93dd00000)]
  0x00000214e8462f30 JavaThread "Unconstrained build operations" [_thread_blocked, id=2764, stack(0x000000c93de00000,0x000000c93df00000)]
  0x00000214e84666e0 JavaThread "Unconstrained build operations Thread 2" [_thread_blocked, id=10516, stack(0x000000c93df00000,0x000000c93e000000)]
  0x00000214e8464d90 JavaThread "Cache worker for dependencies-accessors (C:\Users\lab_services_student\Documents\bookProject\AwesomeProject\android\.gradle\8.3\dependencies-accessors)" [_thread_blocked, id=12296, stack(0x000000c93e000000,0x000000c93e100000)]
  0x00000214e84652a0 JavaThread "Cache worker for Build Output Cleanup Cache (C:\Users\lab_services_student\Documents\bookProject\AwesomeProject\node_modules\@react-native\gradle-plugin\.gradle\buildOutputCleanup)" [_thread_blocked, id=8460, stack(0x000000c93e100000,0x000000c93e200000)]
  0x00000214e84657b0 JavaThread "Unconstrained build operations Thread 3" [_thread_blocked, id=4532, stack(0x000000c93e200000,0x000000c93e300000)]
  0x00000214e84661d0 JavaThread "Unconstrained build operations Thread 4" [_thread_blocked, id=12440, stack(0x000000c93e300000,0x000000c93e400000)]
  0x00000214e8466bf0 JavaThread "Unconstrained build operations Thread 5" [_thread_in_native, id=13004, stack(0x000000c93e400000,0x000000c93e500000)]
  0x00000214e8462000 JavaThread "Memory manager" [_thread_blocked, id=9552, stack(0x000000c93e500000,0x000000c93e600000)]
  0x00000214e84606b0 JavaThread "Cache worker for Build Output Cleanup Cache (C:\Users\lab_services_student\Documents\bookProject\AwesomeProject\android\.gradle\buildOutputCleanup)" [_thread_blocked, id=12512, stack(0x000000c93e600000,0x000000c93e700000)]
  0x00000214e8468030 JavaThread "ForkJoinPool.commonPool-worker-1" daemon [_thread_blocked, id=2428, stack(0x000000c93e700000,0x000000c93e800000)]
  0x00000214e8460bc0 JavaThread "ForkJoinPool.commonPool-worker-2" daemon [_thread_blocked, id=4324, stack(0x000000c93e800000,0x000000c93e900000)]
  0x00000214e7a37090 JavaThread "ForkJoinPool.commonPool-worker-3" daemon [_thread_blocked, id=9796, stack(0x000000c93e900000,0x000000c93ea00000)]
  0x00000214e7a36b80 JavaThread "included builds" [_thread_blocked, id=8260, stack(0x000000c93ea00000,0x000000c93eb00000)]
  0x00000214e7a36160 JavaThread "Execution worker" [_thread_blocked, id=11844, stack(0x000000c93eb00000,0x000000c93ec00000)]
  0x00000214e7a35230 JavaThread "Execution worker Thread 2" [_thread_blocked, id=10288, stack(0x000000c93ec00000,0x000000c93ed00000)]
  0x00000214e7a31570 JavaThread "Execution worker Thread 3" [_thread_blocked, id=10820, stack(0x000000c93ed00000,0x000000c93ee00000)]
  0x00000214e7a36670 JavaThread "Cache worker for execution history cache (C:\Users\lab_services_student\Documents\bookProject\AwesomeProject\node_modules\@react-native\gradle-plugin\.gradle\8.3\executionHistory)" [_thread_blocked, id=4640, stack(0x000000c93ee00000,0x000000c93ef00000)]
  0x00000214e7a31060 JavaThread "Unconstrained build operations Thread 6" [_thread_blocked, id=13012, stack(0x000000c93ef00000,0x000000c93f000000)]
  0x00000214e7a33df0 JavaThread "Unconstrained build operations Thread 7" [_thread_blocked, id=9576, stack(0x000000c93f000000,0x000000c93f100000)]
  0x00000214e7a338e0 JavaThread "Unconstrained build operations Thread 8" [_thread_blocked, id=13212, stack(0x000000c93f100000,0x000000c93f200000)]
  0x00000214e7a35740 JavaThread "Unconstrained build operations Thread 9" [_thread_blocked, id=12076, stack(0x000000c93f200000,0x000000c93f300000)]
  0x00000214e7a375a0 JavaThread "Unconstrained build operations Thread 10" [_thread_blocked, id=2896, stack(0x000000c93f300000,0x000000c93f400000)]
  0x00000214e7a31a80 JavaThread "Unconstrained build operations Thread 11" [_thread_blocked, id=12448, stack(0x000000c93f400000,0x000000c93f500000)]
  0x00000214e7a34300 JavaThread "Unconstrained build operations Thread 12" [_thread_blocked, id=928, stack(0x000000c93f500000,0x000000c93f600000)]
  0x00000214e7a34810 JavaThread "Unconstrained build operations Thread 13" [_thread_blocked, id=12672, stack(0x000000c93f600000,0x000000c93f700000)]
  0x00000214e7a389e0 JavaThread "Unconstrained build operations Thread 14" [_thread_blocked, id=3568, stack(0x000000c93f700000,0x000000c93f800000)]
  0x00000214e7a37fc0 JavaThread "Unconstrained build operations Thread 15" [_thread_blocked, id=5304, stack(0x000000c93f800000,0x000000c93f900000)]
  0x00000214e7a384d0 JavaThread "Unconstrained build operations Thread 16" [_thread_blocked, id=3460, stack(0x000000c93f900000,0x000000c93fa00000)]
  0x00000214e9637bb0 JavaThread "Unconstrained build operations Thread 17" [_thread_blocked, id=6340, stack(0x000000c93fa00000,0x000000c93fb00000)]
  0x00000214e9632fc0 JavaThread "Unconstrained build operations Thread 18" [_thread_blocked, id=12416, stack(0x000000c93fb00000,0x000000c93fc00000)]
  0x00000214e9639f20 JavaThread "Unconstrained build operations Thread 19" [_thread_blocked, id=11684, stack(0x000000c93fc00000,0x000000c93fd00000)]
  0x00000214e9633ef0 JavaThread "Unconstrained build operations Thread 20" [_thread_blocked, id=12676, stack(0x000000c93fd00000,0x000000c93fe00000)]
  0x00000214e9635840 JavaThread "Unconstrained build operations Thread 21" [_thread_blocked, id=5636, stack(0x000000c93fe00000,0x000000c93ff00000)]
  0x00000214e9638ae0 JavaThread "Unconstrained build operations Thread 22" [_thread_blocked, id=12604, stack(0x000000c93ff00000,0x000000c940000000)]
=>0x00000214e99672a0 JavaThread "C2 CompilerThread1" daemon [_thread_in_native, id=10464, stack(0x000000c93cf00000,0x000000c93d000000)]
  0x00000214e9638ff0 JavaThread "Unconstrained build operations Thread 23" [_thread_blocked, id=12068, stack(0x000000c940200000,0x000000c940300000)]
  0x00000214e96339e0 JavaThread "Unconstrained build operations Thread 24" [_thread_blocked, id=11420, stack(0x000000c940300000,0x000000c940400000)]
  0x00000214e9637190 JavaThread "Unconstrained build operations Thread 25" [_thread_blocked, id=12528, stack(0x000000c940400000,0x000000c940500000)]
  0x00000214e9639a10 JavaThread "Unconstrained build operations Thread 26" [_thread_blocked, id=9144, stack(0x000000c940500000,0x000000c940600000)]
  0x00000214e9639500 JavaThread "Unconstrained build operations Thread 27" [_thread_blocked, id=860, stack(0x000000c940600000,0x000000c940700000)]
  0x00000214e9636770 JavaThread "Unconstrained build operations Thread 28" [_thread_blocked, id=8536, stack(0x000000c940700000,0x000000c940800000)]
  0x00000214e9634400 JavaThread "Unconstrained build operations Thread 29" [_thread_blocked, id=10636, stack(0x000000c940800000,0x000000c940900000)]
  0x00000214e9634910 JavaThread "Unconstrained build operations Thread 30" [_thread_blocked, id=8528, stack(0x000000c940900000,0x000000c940a00000)]
  0x00000214e9634e20 JavaThread "Unconstrained build operations Thread 31" [_thread_blocked, id=9976, stack(0x000000c940a00000,0x000000c940b00000)]
  0x00000214e9636c80 JavaThread "Unconstrained build operations Thread 32" [_thread_blocked, id=10400, stack(0x000000c940b00000,0x000000c940c00000)]
  0x00000214e96385d0 JavaThread "Unconstrained build operations Thread 33" [_thread_blocked, id=13112, stack(0x000000c940c00000,0x000000c940d00000)]
  0x00000214e9635330 JavaThread "Unconstrained build operations Thread 34" [_thread_blocked, id=7316, stack(0x000000c940d00000,0x000000c940e00000)]
  0x00000214e84610d0 JavaThread "Unconstrained build operations Thread 35" [_thread_blocked, id=8072, stack(0x000000c940e00000,0x000000c940f00000)]
  0x00000214e73b89b0 JavaThread "Unconstrained build operations Thread 36" [_thread_blocked, id=8048, stack(0x000000c940f00000,0x000000c941000000)]
  0x00000214e648c360 JavaThread "Unconstrained build operations Thread 37" [_thread_blocked, id=11712, stack(0x000000c941000000,0x000000c941100000)]
  0x00000214e648d7a0 JavaThread "Unconstrained build operations Thread 38" [_thread_blocked, id=11564, stack(0x000000c941100000,0x000000c941200000)]
  0x00000214e648c870 JavaThread "Unconstrained build operations Thread 39" [_thread_blocked, id=1560, stack(0x000000c941200000,0x000000c941300000)]
  0x00000214e648cd80 JavaThread "Unconstrained build operations Thread 40" [_thread_blocked, id=740, stack(0x000000c941300000,0x000000c941400000)]
  0x00000214e648fb10 JavaThread "Cache worker for execution history cache (C:\Users\lab_services_student\Documents\bookProject\AwesomeProject\android\.gradle\8.3\executionHistory)" [_thread_blocked, id=6836, stack(0x000000c941400000,0x000000c941500000)]

Other Threads:
  0x00000214c5e23fd0 VMThread "VM Thread" [stack: 0x000000c93b200000,0x000000c93b300000] [id=704]
  0x00000214a82a4750 WatcherThread [stack: 0x000000c93be00000,0x000000c93bf00000] [id=9148]
  0x00000214a615e830 GCTaskThread "GC Thread#0" [stack: 0x000000c93ad00000,0x000000c93ae00000] [id=5420]
  0x00000214e53acee0 GCTaskThread "GC Thread#1" [stack: 0x000000c93c000000,0x000000c93c100000] [id=8548]
  0x00000214e52dbec0 GCTaskThread "GC Thread#2" [stack: 0x000000c93c100000,0x000000c93c200000] [id=12668]
  0x00000214e5612b90 GCTaskThread "GC Thread#3" [stack: 0x000000c93c200000,0x000000c93c300000] [id=1256]
  0x00000214a829dde0 ConcurrentGCThread "G1 Main Marker" [stack: 0x000000c93ae00000,0x000000c93af00000] [id=11328]
  0x00000214a829e700 ConcurrentGCThread "G1 Conc#0" [stack: 0x000000c93af00000,0x000000c93b000000] [id=2832]
  0x00000214c5cdc540 ConcurrentGCThread "G1 Refine#0" [stack: 0x000000c93b000000,0x000000c93b100000] [id=11796]
  0x00000214c5cdcf70 ConcurrentGCThread "G1 Service" [stack: 0x000000c93b100000,0x000000c93b200000] [id=12844]

Threads with active compile tasks:
C2 CompilerThread0    37379 14550   !   4       org.gradle.cache.internal.LockOnDemandCrossProcessCacheAccess::withFileLock (24 bytes)
C2 CompilerThread1    37379 14539   !   4       org.gradle.cache.internal.DefaultMultiProcessSafeIndexedCache::getIfPresent (25 bytes)

VM state: not at safepoint (normal execution)

VM Mutex/Monitor currently owned by a thread: None

Heap address: 0x0000000080000000, size: 2048 MB, Compressed Oops mode: 32-bit

CDS archive(s) mapped at: [0x00000214c6000000-0x00000214c6bd0000-0x00000214c6bd0000), size 12386304, SharedBaseAddress: 0x00000214c6000000, ArchiveRelocationMode: 1.
Compressed class space mapped at: 0x00000214c7000000-0x00000214e1000000, reserved size: 436207616
Narrow klass base: 0x00000214c6000000, Narrow klass shift: 0, Narrow klass range: 0x100000000

GC Precious Log:
 CPUs: 4 total, 4 available
 Memory: 16382M
 Large Page Support: Disabled
 NUMA Support: Disabled
 Compressed Oops: Enabled (32-bit)
 Heap Region Size: 1M
 Heap Min Capacity: 8M
 Heap Initial Capacity: 256M
 Heap Max Capacity: 2G
 Pre-touch: Disabled
 Parallel Workers: 4
 Concurrent Workers: 1
 Concurrent Refinement Workers: 4
 Periodic GC: Disabled

Heap:
 garbage-first heap   total 242688K, used 155783K [0x0000000080000000, 0x0000000100000000)
  region size 1024K, 7 young (7168K), 5 survivors (5120K)
 Metaspace       used 102530K, committed 103488K, reserved 557056K
  class space    used 14278K, committed 14720K, reserved 425984K

Heap Regions: E=young(eden), S=young(survivor), O=old, HS=humongous(starts), HC=humongous(continues), CS=collection set, F=free, OA=open archive, CA=closed archive, TAMS=top-at-mark-start (previous, next)
|   0|0x0000000080000000, 0x0000000080100000, 0x0000000080100000|100%| O|  |TAMS 0x0000000080100000, 0x0000000080000000| Untracked 
|   1|0x0000000080100000, 0x0000000080200000, 0x0000000080200000|100%| O|  |TAMS 0x0000000080200000, 0x0000000080100000| Untracked 
|   2|0x0000000080200000, 0x0000000080300000, 0x0000000080300000|100%|HS|  |TAMS 0x0000000080300000, 0x0000000080200000| Complete 
|   3|0x0000000080300000, 0x0000000080400000, 0x0000000080400000|100%|HC|  |TAMS 0x0000000080400000, 0x0000000080300000| Complete 
|   4|0x0000000080400000, 0x0000000080500000, 0x0000000080500000|100%|HC|  |TAMS 0x0000000080500000, 0x0000000080400000| Complete 
|   5|0x0000000080500000, 0x0000000080600000, 0x0000000080600000|100%|HC|  |TAMS 0x0000000080600000, 0x0000000080500000| Complete 
|   6|0x0000000080600000, 0x0000000080700000, 0x0000000080700000|100%| O|  |TAMS 0x0000000080700000, 0x0000000080600000| Untracked 
|   7|0x0000000080700000, 0x0000000080800000, 0x0000000080800000|100%| O|  |TAMS 0x0000000080800000, 0x0000000080700000| Untracked 
|   8|0x0000000080800000, 0x0000000080900000, 0x0000000080900000|100%| O|  |TAMS 0x0000000080900000, 0x0000000080800000| Untracked 
|   9|0x0000000080900000, 0x0000000080a00000, 0x0000000080a00000|100%| O|  |TAMS 0x0000000080a00000, 0x0000000080900000| Untracked 
|  10|0x0000000080a00000, 0x0000000080b00000, 0x0000000080b00000|100%| O|  |TAMS 0x0000000080b00000, 0x0000000080a00000| Untracked 
|  11|0x0000000080b00000, 0x0000000080c00000, 0x0000000080c00000|100%| O|  |TAMS 0x0000000080c00000, 0x0000000080b00000| Untracked 
|  12|0x0000000080c00000, 0x0000000080d00000, 0x0000000080d00000|100%| O|  |TAMS 0x0000000080d00000, 0x0000000080c00000| Untracked 
|  13|0x0000000080d00000, 0x0000000080e00000, 0x0000000080e00000|100%| O|  |TAMS 0x0000000080e00000, 0x0000000080d00000| Untracked 
|  14|0x0000000080e00000, 0x0000000080f00000, 0x0000000080f00000|100%| O|  |TAMS 0x0000000080f00000, 0x0000000080e00000| Untracked 
|  15|0x0000000080f00000, 0x0000000081000000, 0x0000000081000000|100%| O|  |TAMS 0x0000000081000000, 0x0000000080f00000| Untracked 
|  16|0x0000000081000000, 0x0000000081100000, 0x0000000081100000|100%| O|  |TAMS 0x0000000081100000, 0x0000000081000000| Untracked 
|  17|0x0000000081100000, 0x0000000081200000, 0x0000000081200000|100%| O|  |TAMS 0x0000000081200000, 0x0000000081100000| Untracked 
|  18|0x0000000081200000, 0x0000000081300000, 0x0000000081300000|100%| O|  |TAMS 0x0000000081300000, 0x0000000081200000| Untracked 
|  19|0x0000000081300000, 0x0000000081400000, 0x0000000081400000|100%| O|  |TAMS 0x0000000081400000, 0x0000000081300000| Untracked 
|  20|0x0000000081400000, 0x0000000081500000, 0x0000000081500000|100%| O|  |TAMS 0x0000000081500000, 0x0000000081400000| Untracked 
|  21|0x0000000081500000, 0x0000000081600000, 0x0000000081600000|100%| O|  |TAMS 0x0000000081600000, 0x0000000081500000| Untracked 
|  22|0x0000000081600000, 0x0000000081700000, 0x0000000081700000|100%| O|  |TAMS 0x0000000081700000, 0x0000000081600000| Untracked 
|  23|0x0000000081700000, 0x0000000081800000, 0x0000000081800000|100%| O|  |TAMS 0x0000000081800000, 0x0000000081700000| Untracked 
|  24|0x0000000081800000, 0x0000000081900000, 0x0000000081900000|100%| O|  |TAMS 0x0000000081900000, 0x0000000081800000| Untracked 
|  25|0x0000000081900000, 0x0000000081a00000, 0x0000000081a00000|100%| O|  |TAMS 0x0000000081a00000, 0x0000000081900000| Untracked 
|  26|0x0000000081a00000, 0x0000000081b00000, 0x0000000081b00000|100%| O|  |TAMS 0x0000000081b00000, 0x0000000081a00000| Untracked 
|  27|0x0000000081b00000, 0x0000000081c00000, 0x0000000081c00000|100%| O|  |TAMS 0x0000000081c00000, 0x0000000081b00000| Untracked 
|  28|0x0000000081c00000, 0x0000000081d00000, 0x0000000081d00000|100%| O|  |TAMS 0x0000000081d00000, 0x0000000081c00000| Untracked 
|  29|0x0000000081d00000, 0x0000000081e00000, 0x0000000081e00000|100%| O|  |TAMS 0x0000000081e00000, 0x0000000081d00000| Untracked 
|  30|0x0000000081e00000, 0x0000000081f00000, 0x0000000081f00000|100%| O|  |TAMS 0x0000000081f00000, 0x0000000081e00000| Untracked 
|  31|0x0000000081f00000, 0x0000000082000000, 0x0000000082000000|100%| O|  |TAMS 0x0000000082000000, 0x0000000081f00000| Untracked 
|  32|0x0000000082000000, 0x0000000082100000, 0x0000000082100000|100%| O|  |TAMS 0x0000000082100000, 0x0000000082000000| Untracked 
|  33|0x0000000082100000, 0x0000000082200000, 0x0000000082200000|100%|HS|  |TAMS 0x0000000082200000, 0x0000000082100000| Complete 
|  34|0x0000000082200000, 0x0000000082300000, 0x0000000082300000|100%|HS|  |TAMS 0x0000000082300000, 0x0000000082200000| Complete 
|  35|0x0000000082300000, 0x0000000082400000, 0x0000000082400000|100%|HC|  |TAMS 0x0000000082400000, 0x0000000082300000| Complete 
|  36|0x0000000082400000, 0x0000000082500000, 0x0000000082500000|100%|HS|  |TAMS 0x0000000082500000, 0x0000000082400000| Complete 
|  37|0x0000000082500000, 0x0000000082600000, 0x0000000082600000|100%|HC|  |TAMS 0x0000000082600000, 0x0000000082500000| Complete 
|  38|0x0000000082600000, 0x0000000082700000, 0x0000000082700000|100%|HS|  |TAMS 0x0000000082700000, 0x0000000082600000| Complete 
|  39|0x0000000082700000, 0x0000000082800000, 0x0000000082800000|100%|HC|  |TAMS 0x0000000082800000, 0x0000000082700000| Complete 
|  40|0x0000000082800000, 0x0000000082900000, 0x0000000082900000|100%|HC|  |TAMS 0x0000000082900000, 0x0000000082800000| Complete 
|  41|0x0000000082900000, 0x0000000082a00000, 0x0000000082a00000|100%|HC|  |TAMS 0x0000000082a00000, 0x0000000082900000| Complete 
|  42|0x0000000082a00000, 0x0000000082b00000, 0x0000000082b00000|100%|HS|  |TAMS 0x0000000082b00000, 0x0000000082a00000| Complete 
|  43|0x0000000082b00000, 0x0000000082c00000, 0x0000000082c00000|100%|HC|  |TAMS 0x0000000082c00000, 0x0000000082b00000| Complete 
|  44|0x0000000082c00000, 0x0000000082d00000, 0x0000000082d00000|100%|HC|  |TAMS 0x0000000082d00000, 0x0000000082c00000| Complete 
|  45|0x0000000082d00000, 0x0000000082e00000, 0x0000000082e00000|100%|HC|  |TAMS 0x0000000082e00000, 0x0000000082d00000| Complete 
|  46|0x0000000082e00000, 0x0000000082f00000, 0x0000000082f00000|100%| O|  |TAMS 0x0000000082f00000, 0x0000000082e00000| Untracked 
|  47|0x0000000082f00000, 0x0000000083000000, 0x0000000083000000|100%| O|  |TAMS 0x0000000083000000, 0x0000000082f00000| Untracked 
|  48|0x0000000083000000, 0x0000000083100000, 0x0000000083100000|100%| O|  |TAMS 0x0000000083100000, 0x0000000083000000| Untracked 
|  49|0x0000000083100000, 0x0000000083200000, 0x0000000083200000|100%| O|  |TAMS 0x0000000083200000, 0x0000000083100000| Untracked 
|  50|0x0000000083200000, 0x0000000083300000, 0x0000000083300000|100%| O|  |TAMS 0x0000000083300000, 0x0000000083200000| Untracked 
|  51|0x0000000083300000, 0x0000000083400000, 0x0000000083400000|100%| O|  |TAMS 0x0000000083400000, 0x0000000083300000| Untracked 
|  52|0x0000000083400000, 0x0000000083500000, 0x0000000083500000|100%| O|  |TAMS 0x0000000083500000, 0x0000000083400000| Untracked 
|  53|0x0000000083500000, 0x0000000083600000, 0x0000000083600000|100%| O|  |TAMS 0x0000000083600000, 0x0000000083500000| Untracked 
|  54|0x0000000083600000, 0x0000000083700000, 0x0000000083700000|100%| O|  |TAMS 0x0000000083700000, 0x0000000083600000| Untracked 
|  55|0x0000000083700000, 0x0000000083800000, 0x0000000083800000|100%| O|  |TAMS 0x0000000083800000, 0x0000000083700000| Untracked 
|  56|0x0000000083800000, 0x0000000083900000, 0x0000000083900000|100%| O|  |TAMS 0x0000000083900000, 0x0000000083800000| Untracked 
|  57|0x0000000083900000, 0x0000000083a00000, 0x0000000083a00000|100%| O|  |TAMS 0x0000000083a00000, 0x0000000083900000| Untracked 
|  58|0x0000000083a00000, 0x0000000083b00000, 0x0000000083b00000|100%| O|  |TAMS 0x0000000083b00000, 0x0000000083a00000| Untracked 
|  59|0x0000000083b00000, 0x0000000083c00000, 0x0000000083c00000|100%| O|  |TAMS 0x0000000083c00000, 0x0000000083b00000| Untracked 
|  60|0x0000000083c00000, 0x0000000083d00000, 0x0000000083d00000|100%| O|  |TAMS 0x0000000083d00000, 0x0000000083c00000| Untracked 
|  61|0x0000000083d00000, 0x0000000083e00000, 0x0000000083e00000|100%| O|  |TAMS 0x0000000083e00000, 0x0000000083d00000| Untracked 
|  62|0x0000000083e00000, 0x0000000083f00000, 0x0000000083f00000|100%| O|  |TAMS 0x0000000083f00000, 0x0000000083e00000| Untracked 
|  63|0x0000000083f00000, 0x0000000084000000, 0x0000000084000000|100%|HS|  |TAMS 0x0000000084000000, 0x0000000083f00000| Complete 
|  64|0x0000000084000000, 0x0000000084100000, 0x0000000084100000|100%|HS|  |TAMS 0x0000000084100000, 0x0000000084000000| Complete 
|  65|0x0000000084100000, 0x0000000084200000, 0x0000000084200000|100%| O|  |TAMS 0x0000000084200000, 0x0000000084100000| Untracked 
|  66|0x0000000084200000, 0x0000000084300000, 0x0000000084300000|100%|HS|  |TAMS 0x0000000084300000, 0x0000000084200000| Complete 
|  67|0x0000000084300000, 0x0000000084400000, 0x0000000084400000|100%| O|  |TAMS 0x0000000084400000, 0x0000000084300000| Untracked 
|  68|0x0000000084400000, 0x0000000084500000, 0x0000000084500000|100%| O|  |TAMS 0x0000000084500000, 0x0000000084400000| Untracked 
|  69|0x0000000084500000, 0x0000000084600000, 0x0000000084600000|100%| O|  |TAMS 0x0000000084600000, 0x0000000084500000| Untracked 
|  70|0x0000000084600000, 0x0000000084700000, 0x0000000084700000|100%| O|  |TAMS 0x0000000084700000, 0x0000000084600000| Untracked 
|  71|0x0000000084700000, 0x0000000084800000, 0x0000000084800000|100%| O|  |TAMS 0x0000000084800000, 0x0000000084700000| Untracked 
|  72|0x0000000084800000, 0x0000000084900000, 0x0000000084900000|100%| O|  |TAMS 0x0000000084900000, 0x0000000084800000| Untracked 
|  73|0x0000000084900000, 0x0000000084a00000, 0x0000000084a00000|100%| O|  |TAMS 0x0000000084a00000, 0x0000000084900000| Untracked 
|  74|0x0000000084a00000, 0x0000000084b00000, 0x0000000084b00000|100%| O|  |TAMS 0x0000000084b00000, 0x0000000084a00000| Untracked 
|  75|0x0000000084b00000, 0x0000000084c00000, 0x0000000084c00000|100%| O|  |TAMS 0x0000000084c00000, 0x0000000084b00000| Untracked 
|  76|0x0000000084c00000, 0x0000000084d00000, 0x0000000084d00000|100%| O|  |TAMS 0x0000000084d00000, 0x0000000084c00000| Untracked 
|  77|0x0000000084d00000, 0x0000000084e00000, 0x0000000084e00000|100%| O|  |TAMS 0x0000000084e00000, 0x0000000084d00000| Untracked 
|  78|0x0000000084e00000, 0x0000000084f00000, 0x0000000084f00000|100%| O|  |TAMS 0x0000000084f00000, 0x0000000084e00000| Untracked 
|  79|0x0000000084f00000, 0x0000000085000000, 0x0000000085000000|100%|HS|  |TAMS 0x0000000084f00000, 0x0000000084f00000| Complete 
|  80|0x0000000085000000, 0x0000000085100000, 0x0000000085100000|100%| O|  |TAMS 0x0000000085100000, 0x0000000085000000| Untracked 
|  81|0x0000000085100000, 0x0000000085200000, 0x0000000085200000|100%| O|  |TAMS 0x0000000085200000, 0x0000000085100000| Untracked 
|  82|0x0000000085200000, 0x0000000085300000, 0x0000000085300000|100%| O|  |TAMS 0x0000000085300000, 0x0000000085200000| Untracked 
|  83|0x0000000085300000, 0x0000000085400000, 0x0000000085400000|100%| O|  |TAMS 0x0000000085400000, 0x0000000085300000| Untracked 
|  84|0x0000000085400000, 0x0000000085500000, 0x0000000085500000|100%| O|  |TAMS 0x0000000085500000, 0x0000000085400000| Untracked 
|  85|0x0000000085500000, 0x0000000085600000, 0x0000000085600000|100%| O|  |TAMS 0x0000000085600000, 0x0000000085500000| Untracked 
|  86|0x0000000085600000, 0x0000000085700000, 0x0000000085700000|100%| O|  |TAMS 0x0000000085700000, 0x0000000085600000| Untracked 
|  87|0x0000000085700000, 0x0000000085800000, 0x0000000085800000|100%| O|  |TAMS 0x0000000085800000, 0x0000000085700000| Untracked 
|  88|0x0000000085800000, 0x0000000085900000, 0x0000000085900000|100%| O|  |TAMS 0x0000000085900000, 0x0000000085800000| Untracked 
|  89|0x0000000085900000, 0x0000000085a00000, 0x0000000085a00000|100%| O|  |TAMS 0x0000000085a00000, 0x0000000085900000| Untracked 
|  90|0x0000000085a00000, 0x0000000085b00000, 0x0000000085b00000|100%| O|  |TAMS 0x0000000085b00000, 0x0000000085a00000| Untracked 
|  91|0x0000000085b00000, 0x0000000085c00000, 0x0000000085c00000|100%|HS|  |TAMS 0x0000000085c00000, 0x0000000085b00000| Complete 
|  92|0x0000000085c00000, 0x0000000085d00000, 0x0000000085d00000|100%|HS|  |TAMS 0x0000000085d00000, 0x0000000085c00000| Complete 
|  93|0x0000000085d00000, 0x0000000085e00000, 0x0000000085e00000|100%|HS|  |TAMS 0x0000000085e00000, 0x0000000085d00000| Complete 
|  94|0x0000000085e00000, 0x0000000085f00000, 0x0000000085f00000|100%|HC|  |TAMS 0x0000000085f00000, 0x0000000085e00000| Complete 
|  95|0x0000000085f00000, 0x0000000086000000, 0x0000000086000000|100%| O|  |TAMS 0x0000000086000000, 0x0000000085f00000| Untracked 
|  96|0x0000000086000000, 0x0000000086100000, 0x0000000086100000|100%| O|  |TAMS 0x0000000086100000, 0x0000000086000000| Untracked 
|  97|0x0000000086100000, 0x0000000086200000, 0x0000000086200000|100%| O|  |TAMS 0x0000000086200000, 0x0000000086100000| Untracked 
|  98|0x0000000086200000, 0x0000000086300000, 0x0000000086300000|100%| O|  |TAMS 0x0000000086300000, 0x0000000086200000| Untracked 
|  99|0x0000000086300000, 0x0000000086400000, 0x0000000086400000|100%| O|  |TAMS 0x00000000863e2400, 0x0000000086300000| Untracked 
| 100|0x0000000086400000, 0x0000000086500000, 0x0000000086500000|100%| O|  |TAMS 0x0000000086400000, 0x0000000086400000| Untracked 
| 101|0x0000000086500000, 0x0000000086600000, 0x0000000086600000|100%| O|  |TAMS 0x0000000086500000, 0x0000000086500000| Untracked 
| 102|0x0000000086600000, 0x0000000086700000, 0x0000000086700000|100%| O|  |TAMS 0x0000000086600000, 0x0000000086600000| Untracked 
| 103|0x0000000086700000, 0x0000000086800000, 0x0000000086800000|100%| O|  |TAMS 0x0000000086700000, 0x0000000086700000| Untracked 
| 104|0x0000000086800000, 0x0000000086900000, 0x0000000086900000|100%| O|  |TAMS 0x0000000086800000, 0x0000000086800000| Untracked 
| 105|0x0000000086900000, 0x0000000086a00000, 0x0000000086a00000|100%| O|  |TAMS 0x0000000086900000, 0x0000000086900000| Untracked 
| 106|0x0000000086a00000, 0x0000000086b00000, 0x0000000086b00000|100%| O|  |TAMS 0x0000000086a00000, 0x0000000086a00000| Untracked 
| 107|0x0000000086b00000, 0x0000000086c00000, 0x0000000086c00000|100%| O|  |TAMS 0x0000000086b00000, 0x0000000086b00000| Untracked 
| 108|0x0000000086c00000, 0x0000000086d00000, 0x0000000086d00000|100%|HS|  |TAMS 0x0000000086c00000, 0x0000000086c00000| Complete 
| 109|0x0000000086d00000, 0x0000000086e00000, 0x0000000086e00000|100%|HS|  |TAMS 0x0000000086d00000, 0x0000000086d00000| Complete 
| 110|0x0000000086e00000, 0x0000000086f00000, 0x0000000086f00000|100%| O|  |TAMS 0x0000000086e00000, 0x0000000086e00000| Untracked 
| 111|0x0000000086f00000, 0x0000000087000000, 0x0000000087000000|100%| O|  |TAMS 0x0000000086f00000, 0x0000000086f00000| Untracked 
| 112|0x0000000087000000, 0x0000000087100000, 0x0000000087100000|100%| O|  |TAMS 0x0000000087000000, 0x0000000087000000| Untracked 
| 113|0x0000000087100000, 0x0000000087200000, 0x0000000087200000|100%| O|  |TAMS 0x0000000087100000, 0x0000000087100000| Untracked 
| 114|0x0000000087200000, 0x0000000087300000, 0x0000000087300000|100%| O|  |TAMS 0x0000000087200000, 0x0000000087200000| Untracked 
| 115|0x0000000087300000, 0x0000000087400000, 0x0000000087400000|100%| O|  |TAMS 0x0000000087300000, 0x0000000087300000| Untracked 
| 116|0x0000000087400000, 0x0000000087500000, 0x0000000087500000|100%| O|  |TAMS 0x0000000087400000, 0x0000000087400000| Untracked 
| 117|0x0000000087500000, 0x0000000087600000, 0x0000000087600000|100%| O|  |TAMS 0x0000000087500000, 0x0000000087500000| Untracked 
| 118|0x0000000087600000, 0x0000000087700000, 0x0000000087700000|100%| O|  |TAMS 0x0000000087600000, 0x0000000087600000| Untracked 
| 119|0x0000000087700000, 0x0000000087800000, 0x0000000087800000|100%| O|  |TAMS 0x0000000087700000, 0x0000000087700000| Untracked 
| 120|0x0000000087800000, 0x0000000087900000, 0x0000000087900000|100%| O|  |TAMS 0x0000000087800000, 0x0000000087800000| Untracked 
| 121|0x0000000087900000, 0x0000000087a00000, 0x0000000087a00000|100%| O|  |TAMS 0x0000000087900000, 0x0000000087900000| Untracked 
| 122|0x0000000087a00000, 0x0000000087b00000, 0x0000000087b00000|100%| O|  |TAMS 0x0000000087a00000, 0x0000000087a00000| Untracked 
| 123|0x0000000087b00000, 0x0000000087c00000, 0x0000000087c00000|100%| O|  |TAMS 0x0000000087b00000, 0x0000000087b00000| Untracked 
| 124|0x0000000087c00000, 0x0000000087d00000, 0x0000000087d00000|100%| O|  |TAMS 0x0000000087c00000, 0x0000000087c00000| Untracked 
| 125|0x0000000087d00000, 0x0000000087e00000, 0x0000000087e00000|100%| O|  |TAMS 0x0000000087d00000, 0x0000000087d00000| Untracked 
| 126|0x0000000087e00000, 0x0000000087f00000, 0x0000000087f00000|100%| O|  |TAMS 0x0000000087e00000, 0x0000000087e00000| Untracked 
| 127|0x0000000087f00000, 0x0000000088000000, 0x0000000088000000|100%| O|  |TAMS 0x0000000087f00000, 0x0000000087f00000| Untracked 
| 128|0x0000000088000000, 0x0000000088100000, 0x0000000088100000|100%| O|  |TAMS 0x0000000088000000, 0x0000000088000000| Untracked 
| 129|0x0000000088100000, 0x0000000088200000, 0x0000000088200000|100%| O|  |TAMS 0x0000000088100000, 0x0000000088100000| Untracked 
| 130|0x0000000088200000, 0x0000000088300000, 0x0000000088300000|100%| O|  |TAMS 0x0000000088200000, 0x0000000088200000| Untracked 
| 131|0x0000000088300000, 0x0000000088400000, 0x0000000088400000|100%| O|  |TAMS 0x0000000088300000, 0x0000000088300000| Untracked 
| 132|0x0000000088400000, 0x0000000088500000, 0x0000000088500000|100%| O|  |TAMS 0x0000000088400000, 0x0000000088400000| Untracked 
| 133|0x0000000088500000, 0x0000000088600000, 0x0000000088600000|100%| O|  |TAMS 0x0000000088500000, 0x0000000088500000| Untracked 
| 134|0x0000000088600000, 0x0000000088700000, 0x0000000088700000|100%| O|  |TAMS 0x0000000088600000, 0x0000000088600000| Untracked 
| 135|0x0000000088700000, 0x0000000088800000, 0x0000000088800000|100%| O|  |TAMS 0x0000000088700000, 0x0000000088700000| Untracked 
| 136|0x0000000088800000, 0x0000000088900000, 0x0000000088900000|100%| O|  |TAMS 0x0000000088800000, 0x0000000088800000| Untracked 
| 137|0x0000000088900000, 0x0000000088a00000, 0x0000000088a00000|100%| O|  |TAMS 0x0000000088900000, 0x0000000088900000| Untracked 
| 138|0x0000000088a00000, 0x0000000088b00000, 0x0000000088b00000|100%| O|  |TAMS 0x0000000088a00000, 0x0000000088a00000| Untracked 
| 139|0x0000000088b00000, 0x0000000088c00000, 0x0000000088c00000|100%| O|  |TAMS 0x0000000088b00000, 0x0000000088b00000| Untracked 
| 140|0x0000000088c00000, 0x0000000088d00000, 0x0000000088d00000|100%| O|  |TAMS 0x0000000088c00000, 0x0000000088c00000| Untracked 
| 141|0x0000000088d00000, 0x0000000088e00000, 0x0000000088e00000|100%| O|  |TAMS 0x0000000088d00000, 0x0000000088d00000| Untracked 
| 142|0x0000000088e00000, 0x0000000088f00000, 0x0000000088f00000|100%| O|  |TAMS 0x0000000088e00000, 0x0000000088e00000| Untracked 
| 143|0x0000000088f00000, 0x0000000089000000, 0x0000000089000000|100%| O|  |TAMS 0x0000000088f00000, 0x0000000088f00000| Untracked 
| 144|0x0000000089000000, 0x0000000089100000, 0x0000000089100000|100%| O|  |TAMS 0x0000000089000000, 0x0000000089000000| Untracked 
| 145|0x0000000089100000, 0x0000000089200000, 0x0000000089200000|100%| O|  |TAMS 0x0000000089100000, 0x0000000089100000| Untracked 
| 146|0x0000000089200000, 0x000000008924ee00, 0x0000000089300000| 30%| O|  |TAMS 0x0000000089200000, 0x0000000089200000| Untracked 
| 147|0x0000000089300000, 0x0000000089300000, 0x0000000089400000|  0%| F|  |TAMS 0x0000000089300000, 0x0000000089300000| Untracked 
| 148|0x0000000089400000, 0x0000000089400000, 0x0000000089500000|  0%| F|  |TAMS 0x0000000089400000, 0x0000000089400000| Untracked 
| 149|0x0000000089500000, 0x0000000089500000, 0x0000000089600000|  0%| F|  |TAMS 0x0000000089500000, 0x0000000089500000| Untracked 
| 150|0x0000000089600000, 0x0000000089600000, 0x0000000089700000|  0%| F|  |TAMS 0x0000000089600000, 0x0000000089600000| Untracked 
| 151|0x0000000089700000, 0x0000000089700000, 0x0000000089800000|  0%| F|  |TAMS 0x0000000089700000, 0x0000000089700000| Untracked 
| 152|0x0000000089800000, 0x0000000089800000, 0x0000000089900000|  0%| F|  |TAMS 0x0000000089800000, 0x0000000089800000| Untracked 
| 153|0x0000000089900000, 0x0000000089900000, 0x0000000089a00000|  0%| F|  |TAMS 0x0000000089900000, 0x0000000089900000| Untracked 
| 154|0x0000000089a00000, 0x0000000089a00000, 0x0000000089b00000|  0%| F|  |TAMS 0x0000000089a00000, 0x0000000089a00000| Untracked 
| 155|0x0000000089b00000, 0x0000000089b00000, 0x0000000089c00000|  0%| F|  |TAMS 0x0000000089b00000, 0x0000000089b00000| Untracked 
| 156|0x0000000089c00000, 0x0000000089c00000, 0x0000000089d00000|  0%| F|  |TAMS 0x0000000089c00000, 0x0000000089c00000| Untracked 
| 157|0x0000000089d00000, 0x0000000089d00000, 0x0000000089e00000|  0%| F|  |TAMS 0x0000000089d00000, 0x0000000089d00000| Untracked 
| 158|0x0000000089e00000, 0x0000000089e00000, 0x0000000089f00000|  0%| F|  |TAMS 0x0000000089e00000, 0x0000000089e00000| Untracked 
| 159|0x0000000089f00000, 0x0000000089f00000, 0x000000008a000000|  0%| F|  |TAMS 0x0000000089f00000, 0x0000000089f00000| Untracked 
| 160|0x000000008a000000, 0x000000008a000000, 0x000000008a100000|  0%| F|  |TAMS 0x000000008a000000, 0x000000008a000000| Untracked 
| 161|0x000000008a100000, 0x000000008a100000, 0x000000008a200000|  0%| F|  |TAMS 0x000000008a100000, 0x000000008a100000| Untracked 
| 162|0x000000008a200000, 0x000000008a200000, 0x000000008a300000|  0%| F|  |TAMS 0x000000008a200000, 0x000000008a200000| Untracked 
| 163|0x000000008a300000, 0x000000008a300000, 0x000000008a400000|  0%| F|  |TAMS 0x000000008a300000, 0x000000008a300000| Untracked 
| 164|0x000000008a400000, 0x000000008a400000, 0x000000008a500000|  0%| F|  |TAMS 0x000000008a400000, 0x000000008a400000| Untracked 
| 165|0x000000008a500000, 0x000000008a500000, 0x000000008a600000|  0%| F|  |TAMS 0x000000008a500000, 0x000000008a500000| Untracked 
| 166|0x000000008a600000, 0x000000008a600000, 0x000000008a700000|  0%| F|  |TAMS 0x000000008a600000, 0x000000008a600000| Untracked 
| 167|0x000000008a700000, 0x000000008a700000, 0x000000008a800000|  0%| F|  |TAMS 0x000000008a700000, 0x000000008a700000| Untracked 
| 168|0x000000008a800000, 0x000000008a800000, 0x000000008a900000|  0%| F|  |TAMS 0x000000008a800000, 0x000000008a800000| Untracked 
| 169|0x000000008a900000, 0x000000008a900000, 0x000000008aa00000|  0%| F|  |TAMS 0x000000008a900000, 0x000000008a900000| Untracked 
| 170|0x000000008aa00000, 0x000000008aa00000, 0x000000008ab00000|  0%| F|  |TAMS 0x000000008aa00000, 0x000000008aa00000| Untracked 
| 171|0x000000008ab00000, 0x000000008ab00000, 0x000000008ac00000|  0%| F|  |TAMS 0x000000008ab00000, 0x000000008ab00000| Untracked 
| 172|0x000000008ac00000, 0x000000008ac00000, 0x000000008ad00000|  0%| F|  |TAMS 0x000000008ac00000, 0x000000008ac00000| Untracked 
| 173|0x000000008ad00000, 0x000000008ad00000, 0x000000008ae00000|  0%| F|  |TAMS 0x000000008ad00000, 0x000000008ad00000| Untracked 
| 174|0x000000008ae00000, 0x000000008aed2f60, 0x000000008af00000| 82%| S|CS|TAMS 0x000000008ae00000, 0x000000008ae00000| Complete 
| 175|0x000000008af00000, 0x000000008b000000, 0x000000008b000000|100%| S|CS|TAMS 0x000000008af00000, 0x000000008af00000| Complete 
| 176|0x000000008b000000, 0x000000008b000000, 0x000000008b100000|  0%| F|  |TAMS 0x000000008b000000, 0x000000008b000000| Untracked 
| 177|0x000000008b100000, 0x000000008b100000, 0x000000008b200000|  0%| F|  |TAMS 0x000000008b100000, 0x000000008b100000| Untracked 
| 178|0x000000008b200000, 0x000000008b200000, 0x000000008b300000|  0%| F|  |TAMS 0x000000008b200000, 0x000000008b200000| Untracked 
| 179|0x000000008b300000, 0x000000008b300000, 0x000000008b400000|  0%| F|  |TAMS 0x000000008b300000, 0x000000008b300000| Untracked 
| 180|0x000000008b400000, 0x000000008b400000, 0x000000008b500000|  0%| F|  |TAMS 0x000000008b400000, 0x000000008b400000| Untracked 
| 181|0x000000008b500000, 0x000000008b500000, 0x000000008b600000|  0%| F|  |TAMS 0x000000008b500000, 0x000000008b500000| Untracked 
| 182|0x000000008b600000, 0x000000008b600000, 0x000000008b700000|  0%| F|  |TAMS 0x000000008b600000, 0x000000008b600000| Untracked 
| 183|0x000000008b700000, 0x000000008b800000, 0x000000008b800000|100%| S|CS|TAMS 0x000000008b700000, 0x000000008b700000| Complete 
| 184|0x000000008b800000, 0x000000008b900000, 0x000000008b900000|100%| S|CS|TAMS 0x000000008b800000, 0x000000008b800000| Complete 
| 185|0x000000008b900000, 0x000000008ba00000, 0x000000008ba00000|100%| S|CS|TAMS 0x000000008b900000, 0x000000008b900000| Complete 
| 186|0x000000008ba00000, 0x000000008ba00000, 0x000000008bb00000|  0%| F|  |TAMS 0x000000008ba00000, 0x000000008ba00000| Untracked 
| 187|0x000000008bb00000, 0x000000008bb00000, 0x000000008bc00000|  0%| F|  |TAMS 0x000000008bb00000, 0x000000008bb00000| Untracked 
| 188|0x000000008bc00000, 0x000000008bc00000, 0x000000008bd00000|  0%| F|  |TAMS 0x000000008bc00000, 0x000000008bc00000| Untracked 
| 189|0x000000008bd00000, 0x000000008bd00000, 0x000000008be00000|  0%| F|  |TAMS 0x000000008bd00000, 0x000000008bd00000| Untracked 
| 190|0x000000008be00000, 0x000000008be00000, 0x000000008bf00000|  0%| F|  |TAMS 0x000000008be00000, 0x000000008be00000| Untracked 
| 191|0x000000008bf00000, 0x000000008bf00000, 0x000000008c000000|  0%| F|  |TAMS 0x000000008bf00000, 0x000000008bf00000| Untracked 
| 192|0x000000008c000000, 0x000000008c000000, 0x000000008c100000|  0%| F|  |TAMS 0x000000008c000000, 0x000000008c000000| Untracked 
| 193|0x000000008c100000, 0x000000008c100000, 0x000000008c200000|  0%| F|  |TAMS 0x000000008c100000, 0x000000008c100000| Untracked 
| 194|0x000000008c200000, 0x000000008c200000, 0x000000008c300000|  0%| F|  |TAMS 0x000000008c200000, 0x000000008c200000| Untracked 
| 195|0x000000008c300000, 0x000000008c300000, 0x000000008c400000|  0%| F|  |TAMS 0x000000008c300000, 0x000000008c300000| Untracked 
| 196|0x000000008c400000, 0x000000008c400000, 0x000000008c500000|  0%| F|  |TAMS 0x000000008c400000, 0x000000008c400000| Untracked 
| 197|0x000000008c500000, 0x000000008c500000, 0x000000008c600000|  0%| F|  |TAMS 0x000000008c500000, 0x000000008c500000| Untracked 
| 198|0x000000008c600000, 0x000000008c600000, 0x000000008c700000|  0%| F|  |TAMS 0x000000008c600000, 0x000000008c600000| Untracked 
| 199|0x000000008c700000, 0x000000008c700000, 0x000000008c800000|  0%| F|  |TAMS 0x000000008c700000, 0x000000008c700000| Untracked 
| 200|0x000000008c800000, 0x000000008c800000, 0x000000008c900000|  0%| F|  |TAMS 0x000000008c800000, 0x000000008c800000| Untracked 
| 201|0x000000008c900000, 0x000000008c900000, 0x000000008ca00000|  0%| F|  |TAMS 0x000000008c900000, 0x000000008c900000| Untracked 
| 202|0x000000008ca00000, 0x000000008ca00000, 0x000000008cb00000|  0%| F|  |TAMS 0x000000008ca00000, 0x000000008ca00000| Untracked 
| 203|0x000000008cb00000, 0x000000008cb00000, 0x000000008cc00000|  0%| F|  |TAMS 0x000000008cb00000, 0x000000008cb00000| Untracked 
| 204|0x000000008cc00000, 0x000000008cc00000, 0x000000008cd00000|  0%| F|  |TAMS 0x000000008cc00000, 0x000000008cc00000| Untracked 
| 205|0x000000008cd00000, 0x000000008cd00000, 0x000000008ce00000|  0%| F|  |TAMS 0x000000008cd00000, 0x000000008cd00000| Untracked 
| 206|0x000000008ce00000, 0x000000008ce00000, 0x000000008cf00000|  0%| F|  |TAMS 0x000000008ce00000, 0x000000008ce00000| Untracked 
| 207|0x000000008cf00000, 0x000000008cf00000, 0x000000008d000000|  0%| F|  |TAMS 0x000000008cf00000, 0x000000008cf00000| Untracked 
| 208|0x000000008d000000, 0x000000008d000000, 0x000000008d100000|  0%| F|  |TAMS 0x000000008d000000, 0x000000008d000000| Untracked 
| 209|0x000000008d100000, 0x000000008d100000, 0x000000008d200000|  0%| F|  |TAMS 0x000000008d100000, 0x000000008d100000| Untracked 
| 210|0x000000008d200000, 0x000000008d200000, 0x000000008d300000|  0%| F|  |TAMS 0x000000008d200000, 0x000000008d200000| Untracked 
| 211|0x000000008d300000, 0x000000008d300000, 0x000000008d400000|  0%| F|  |TAMS 0x000000008d300000, 0x000000008d300000| Untracked 
| 212|0x000000008d400000, 0x000000008d400000, 0x000000008d500000|  0%| F|  |TAMS 0x000000008d400000, 0x000000008d400000| Untracked 
| 213|0x000000008d500000, 0x000000008d500000, 0x000000008d600000|  0%| F|  |TAMS 0x000000008d500000, 0x000000008d500000| Untracked 
| 214|0x000000008d600000, 0x000000008d600000, 0x000000008d700000|  0%| F|  |TAMS 0x000000008d600000, 0x000000008d600000| Untracked 
| 215|0x000000008d700000, 0x000000008d700000, 0x000000008d800000|  0%| F|  |TAMS 0x000000008d700000, 0x000000008d700000| Untracked 
| 216|0x000000008d800000, 0x000000008d800000, 0x000000008d900000|  0%| F|  |TAMS 0x000000008d800000, 0x000000008d800000| Untracked 
| 217|0x000000008d900000, 0x000000008d900000, 0x000000008da00000|  0%| F|  |TAMS 0x000000008d900000, 0x000000008d900000| Untracked 
| 218|0x000000008da00000, 0x000000008da00000, 0x000000008db00000|  0%| F|  |TAMS 0x000000008da00000, 0x000000008da00000| Untracked 
| 219|0x000000008db00000, 0x000000008db00000, 0x000000008dc00000|  0%| F|  |TAMS 0x000000008db00000, 0x000000008db00000| Untracked 
| 220|0x000000008dc00000, 0x000000008dc00000, 0x000000008dd00000|  0%| F|  |TAMS 0x000000008dc00000, 0x000000008dc00000| Untracked 
| 221|0x000000008dd00000, 0x000000008dd00000, 0x000000008de00000|  0%| F|  |TAMS 0x000000008dd00000, 0x000000008dd00000| Untracked 
| 222|0x000000008de00000, 0x000000008de00000, 0x000000008df00000|  0%| F|  |TAMS 0x000000008de00000, 0x000000008de00000| Untracked 
| 223|0x000000008df00000, 0x000000008df00000, 0x000000008e000000|  0%| F|  |TAMS 0x000000008df00000, 0x000000008df00000| Untracked 
| 224|0x000000008e000000, 0x000000008e000000, 0x000000008e100000|  0%| F|  |TAMS 0x000000008e000000, 0x000000008e000000| Untracked 
| 225|0x000000008e100000, 0x000000008e100000, 0x000000008e200000|  0%| F|  |TAMS 0x000000008e100000, 0x000000008e100000| Untracked 
| 226|0x000000008e200000, 0x000000008e200000, 0x000000008e300000|  0%| F|  |TAMS 0x000000008e200000, 0x000000008e200000| Untracked 
| 227|0x000000008e300000, 0x000000008e300000, 0x000000008e400000|  0%| F|  |TAMS 0x000000008e300000, 0x000000008e300000| Untracked 
| 228|0x000000008e400000, 0x000000008e400000, 0x000000008e500000|  0%| F|  |TAMS 0x000000008e400000, 0x000000008e400000| Untracked 
| 229|0x000000008e500000, 0x000000008e500000, 0x000000008e600000|  0%| F|  |TAMS 0x000000008e500000, 0x000000008e500000| Untracked 
| 230|0x000000008e600000, 0x000000008e600000, 0x000000008e700000|  0%| F|  |TAMS 0x000000008e600000, 0x000000008e600000| Untracked 
| 231|0x000000008e700000, 0x000000008e700000, 0x000000008e800000|  0%| F|  |TAMS 0x000000008e700000, 0x000000008e700000| Untracked 
| 232|0x000000008e800000, 0x000000008e800000, 0x000000008e900000|  0%| F|  |TAMS 0x000000008e800000, 0x000000008e800000| Untracked 
| 233|0x000000008e900000, 0x000000008e900000, 0x000000008ea00000|  0%| F|  |TAMS 0x000000008e900000, 0x000000008e900000| Untracked 
| 234|0x000000008ea00000, 0x000000008ea00000, 0x000000008eb00000|  0%| F|  |TAMS 0x000000008ea00000, 0x000000008ea00000| Untracked 
| 254|0x000000008fe00000, 0x000000008fe90268, 0x000000008ff00000| 56%| E|  |TAMS 0x000000008fe00000, 0x000000008fe00000| Complete 
| 255|0x000000008ff00000, 0x0000000090000000, 0x0000000090000000|100%| E|CS|TAMS 0x000000008ff00000, 0x000000008ff00000| Complete 

Card table byte_map: [0x00000214bf130000,0x00000214bf530000] _byte_map_base: 0x00000214bed30000

Marking Bits (Prev, Next): (CMBitMap*) 0x00000214a828d4b0, (CMBitMap*) 0x00000214a828d4f0
 Prev Bits: [0x00000214bf930000, 0x00000214c1930000)
 Next Bits: [0x00000214c1930000, 0x00000214c3930000)

Polling page: 0x00000214a79f0000

Metaspace:

Usage:
  Non-class:     86.18 MB used.
      Class:     13.94 MB used.
       Both:    100.13 MB used.

Virtual space:
  Non-class space:      128.00 MB reserved,      86.69 MB ( 68%) committed,  2 nodes.
      Class space:      416.00 MB reserved,      14.38 MB (  3%) committed,  1 nodes.
             Both:      544.00 MB reserved,     101.06 MB ( 19%) committed. 

Chunk freelists:
   Non-Class:  8.55 MB
       Class:  1.65 MB
        Both:  10.20 MB

MaxMetaspaceSize: 512.00 MB
CompressedClassSpaceSize: 416.00 MB
Initial GC threshold: 21.00 MB
Current GC threshold: 151.56 MB
CDS: on
MetaspaceReclaimPolicy: balanced
 - commit_granule_bytes: 65536.
 - commit_granule_words: 8192.
 - virtual_space_node_default_size: 8388608.
 - enlarge_chunks_in_place: 1.
 - new_chunks_are_fully_committed: 0.
 - uncommit_free_chunks: 1.
 - use_allocation_guard: 0.
 - handle_deallocations: 1.


Internal statistics:

num_allocs_failed_limit: 9.
num_arena_births: 1190.
num_arena_deaths: 0.
num_vsnodes_births: 3.
num_vsnodes_deaths: 0.
num_space_committed: 1617.
num_space_uncommitted: 0.
num_chunks_returned_to_freelist: 9.
num_chunks_taken_from_freelist: 5473.
num_chunk_merges: 9.
num_chunk_splits: 3584.
num_chunks_enlarged: 2328.
num_inconsistent_stats: 0.

CodeHeap 'non-profiled nmethods': size=120000Kb used=8173Kb max_used=8230Kb free=111826Kb
 bounds [0x00000214b7800000, 0x00000214b8040000, 0x00000214bed30000]
CodeHeap 'profiled nmethods': size=120000Kb used=23845Kb max_used=25612Kb free=96154Kb
 bounds [0x00000214afd30000, 0x00000214b1640000, 0x00000214b7260000]
CodeHeap 'non-nmethods': size=5760Kb used=2449Kb max_used=2558Kb free=3310Kb
 bounds [0x00000214b7260000, 0x00000214b7500000, 0x00000214b7800000]
 total_blobs=13177 nmethods=12203 adapters=885
 compilation: enabled
              stopped_count=0, restarted_count=0
 full_count=0

Compilation events (20 events):
Event: 37.193 Thread 0x00000214c5e46a90 nmethod 14533 0x00000214b79c5b90 code [0x00000214b79c5d20, 0x00000214b79c5e58]
Event: 37.196 Thread 0x00000214c5e46a90 14534       4       java.util.concurrent.locks.AbstractQueuedSynchronizer$ConditionObject::doSignal (54 bytes)
Event: 37.202 Thread 0x00000214c5e46a90 nmethod 14534 0x00000214b7a40b10 code [0x00000214b7a40ca0, 0x00000214b7a41308]
Event: 37.202 Thread 0x00000214c5e46a90 14535       4       java.util.concurrent.FutureTask::report (37 bytes)
Event: 37.203 Thread 0x00000214c5e46a90 nmethod 14535 0x00000214b7a40810 code [0x00000214b7a40980, 0x00000214b7a40a18]
Event: 37.208 Thread 0x00000214c5e46a90 14536       4       sun.nio.fs.WindowsFileAttributes::lastModifiedTime (8 bytes)
Event: 37.210 Thread 0x00000214c5e46a90 nmethod 14536 0x00000214b7bdcf90 code [0x00000214b7bdd120, 0x00000214b7bdd2c8]
Event: 37.210 Thread 0x00000214c5e46a90 14537   !   4       sun.nio.fs.WindowsFileAttributes::toFileTime (47 bytes)
Event: 37.210 Thread 0x00000214e99672a0 nmethod 14340 0x00000214b802b190 code [0x00000214b802b820, 0x00000214b8036810]
Event: 37.213 Thread 0x00000214c5e46a90 nmethod 14537 0x00000214b7ed3890 code [0x00000214b7ed3a20, 0x00000214b7ed3ba8]
Event: 37.217 Thread 0x00000214c5e46a90 14538       4       java.util.concurrent.ArrayBlockingQueue::enqueue (53 bytes)
Event: 37.220 Thread 0x00000214e99672a0 14539   !   4       org.gradle.cache.internal.DefaultMultiProcessSafeIndexedCache::getIfPresent (25 bytes)
Event: 37.225 Thread 0x00000214c5e46a90 nmethod 14538 0x00000214b7e2ad10 code [0x00000214b7e2aec0, 0x00000214b7e2b808]
Event: 37.225 Thread 0x00000214c5e46a90 14540   !   4       java.util.concurrent.ArrayBlockingQueue::put (58 bytes)
Event: 37.243 Thread 0x00000214c5e46a90 nmethod 14540 0x00000214b7b9ef90 code [0x00000214b7b9f1a0, 0x00000214b7ba0290]
Event: 37.243 Thread 0x00000214c5e46a90 14541   !   4       com.google.common.cache.LocalCache$Segment::runLockedCleanup (39 bytes)
Event: 37.266 Thread 0x00000214c5e46a90 nmethod 14541 0x00000214b7e6d310 code [0x00000214b7e6d540, 0x00000214b7e6e570]
Event: 37.266 Thread 0x00000214c5e46a90 14544       4       com.google.common.cache.LocalCache$AccessQueue::offer (9 bytes)
Event: 37.268 Thread 0x00000214c5e46a90 nmethod 14544 0x00000214b7b9e890 code [0x00000214b7b9ea20, 0x00000214b7b9ed98]
Event: 37.268 Thread 0x00000214c5e46a90 14543       4       java.io.BufferedInputStream::fill (203 bytes)

GC Heap History (20 events):
Event: 30.630 GC heap before
{Heap before GC invocations=27 (full 0):
 garbage-first heap   total 172032K, used 142217K [0x0000000080000000, 0x0000000100000000)
  region size 1024K, 39 young (39936K), 7 survivors (7168K)
 Metaspace       used 92213K, committed 93056K, reserved 557056K
  class space    used 12920K, committed 13312K, reserved 425984K
}
Event: 30.641 GC heap after
{Heap after GC invocations=28 (full 0):
 garbage-first heap   total 172032K, used 114085K [0x0000000080000000, 0x0000000100000000)
  region size 1024K, 5 young (5120K), 5 survivors (5120K)
 Metaspace       used 92213K, committed 93056K, reserved 557056K
  class space    used 12920K, committed 13312K, reserved 425984K
}
Event: 31.693 GC heap before
{Heap before GC invocations=29 (full 0):
 garbage-first heap   total 201728K, used 141733K [0x0000000080000000, 0x0000000100000000)
  region size 1024K, 30 young (30720K), 5 survivors (5120K)
 Metaspace       used 92531K, committed 93376K, reserved 557056K
  class space    used 12973K, committed 13376K, reserved 425984K
}
Event: 31.704 GC heap after
{Heap after GC invocations=30 (full 0):
 garbage-first heap   total 201728K, used 124121K [0x0000000080000000, 0x0000000100000000)
  region size 1024K, 4 young (4096K), 4 survivors (4096K)
 Metaspace       used 92531K, committed 93376K, reserved 557056K
  class space    used 12973K, committed 13376K, reserved 425984K
}
Event: 31.914 GC heap before
{Heap before GC invocations=30 (full 0):
 garbage-first heap   total 201728K, used 129241K [0x0000000080000000, 0x0000000100000000)
  region size 1024K, 9 young (9216K), 4 survivors (4096K)
 Metaspace       used 92555K, committed 93440K, reserved 557056K
  class space    used 12973K, committed 13376K, reserved 425984K
}
Event: 31.919 GC heap after
{Heap after GC invocations=31 (full 0):
 garbage-first heap   total 201728K, used 125023K [0x0000000080000000, 0x0000000100000000)
  region size 1024K, 1 young (1024K), 1 survivors (1024K)
 Metaspace       used 92555K, committed 93440K, reserved 557056K
  class space    used 12973K, committed 13376K, reserved 425984K
}
Event: 32.749 GC heap before
{Heap before GC invocations=31 (full 0):
 garbage-first heap   total 201728K, used 160863K [0x0000000080000000, 0x0000000100000000)
  region size 1024K, 36 young (36864K), 1 survivors (1024K)
 Metaspace       used 93224K, committed 94016K, reserved 557056K
  class space    used 13053K, committed 13440K, reserved 425984K
}
Event: 32.759 GC heap after
{Heap after GC invocations=32 (full 0):
 garbage-first heap   total 201728K, used 134316K [0x0000000080000000, 0x0000000100000000)
  region size 1024K, 5 young (5120K), 5 survivors (5120K)
 Metaspace       used 93224K, committed 94016K, reserved 557056K
  class space    used 13053K, committed 13440K, reserved 425984K
}
Event: 33.254 GC heap before
{Heap before GC invocations=32 (full 0):
 garbage-first heap   total 201728K, used 162988K [0x0000000080000000, 0x0000000100000000)
  region size 1024K, 33 young (33792K), 5 survivors (5120K)
 Metaspace       used 95200K, committed 96064K, reserved 557056K
  class space    used 13334K, committed 13760K, reserved 425984K
}
Event: 33.263 GC heap after
{Heap after GC invocations=33 (full 0):
 garbage-first heap   total 201728K, used 136012K [0x0000000080000000, 0x0000000100000000)
  region size 1024K, 2 young (2048K), 2 survivors (2048K)
 Metaspace       used 95200K, committed 96064K, reserved 557056K
  class space    used 13334K, committed 13760K, reserved 425984K
}
Event: 33.902 GC heap before
{Heap before GC invocations=33 (full 0):
 garbage-first heap   total 201728K, used 165708K [0x0000000080000000, 0x0000000100000000)
  region size 1024K, 31 young (31744K), 2 survivors (2048K)
 Metaspace       used 98453K, committed 99392K, reserved 557056K
  class space    used 13781K, committed 14208K, reserved 425984K
}
Event: 33.908 GC heap after
{Heap after GC invocations=34 (full 0):
 garbage-first heap   total 201728K, used 137537K [0x0000000080000000, 0x0000000100000000)
  region size 1024K, 3 young (3072K), 3 survivors (3072K)
 Metaspace       used 98453K, committed 99392K, reserved 557056K
  class space    used 13781K, committed 14208K, reserved 425984K
}
Event: 34.458 GC heap before
{Heap before GC invocations=34 (full 0):
 garbage-first heap   total 201728K, used 167233K [0x0000000080000000, 0x0000000100000000)
  region size 1024K, 32 young (32768K), 3 survivors (3072K)
 Metaspace       used 99674K, committed 100608K, reserved 557056K
  class space    used 13940K, committed 14400K, reserved 425984K
}
Event: 34.470 GC heap after
{Heap after GC invocations=35 (full 0):
 garbage-first heap   total 201728K, used 140098K [0x0000000080000000, 0x0000000100000000)
  region size 1024K, 4 young (4096K), 4 survivors (4096K)
 Metaspace       used 99674K, committed 100608K, reserved 557056K
  class space    used 13940K, committed 14400K, reserved 425984K
}
Event: 34.823 GC heap before
{Heap before GC invocations=35 (full 0):
 garbage-first heap   total 201728K, used 169794K [0x0000000080000000, 0x0000000100000000)
  region size 1024K, 33 young (33792K), 4 survivors (4096K)
 Metaspace       used 100785K, committed 101696K, reserved 557056K
  class space    used 14077K, committed 14528K, reserved 425984K
}
Event: 34.836 GC heap after
{Heap after GC invocations=36 (full 0):
 garbage-first heap   total 201728K, used 143430K [0x0000000080000000, 0x0000000100000000)
  region size 1024K, 4 young (4096K), 4 survivors (4096K)
 Metaspace       used 100785K, committed 101696K, reserved 557056K
  class space    used 14077K, committed 14528K, reserved 425984K
}
Event: 35.222 GC heap before
{Heap before GC invocations=36 (full 0):
 garbage-first heap   total 201728K, used 170054K [0x0000000080000000, 0x0000000100000000)
  region size 1024K, 30 young (30720K), 4 survivors (4096K)
 Metaspace       used 101065K, committed 102016K, reserved 557056K
  class space    used 14092K, committed 14528K, reserved 425984K
}
Event: 35.232 GC heap after
{Heap after GC invocations=37 (full 0):
 garbage-first heap   total 242688K, used 145920K [0x0000000080000000, 0x0000000100000000)
  region size 1024K, 3 young (3072K), 3 survivors (3072K)
 Metaspace       used 101065K, committed 102016K, reserved 557056K
  class space    used 14092K, committed 14528K, reserved 425984K
}
Event: 36.012 GC heap before
{Heap before GC invocations=37 (full 0):
 garbage-first heap   total 242688K, used 200192K [0x0000000080000000, 0x0000000100000000)
  region size 1024K, 57 young (58368K), 3 survivors (3072K)
 Metaspace       used 102158K, committed 103104K, reserved 557056K
  class space    used 14226K, committed 14656K, reserved 425984K
}
Event: 36.023 GC heap after
{Heap after GC invocations=38 (full 0):
 garbage-first heap   total 242688K, used 150001K [0x0000000080000000, 0x0000000100000000)
  region size 1024K, 7 young (7168K), 7 survivors (7168K)
 Metaspace       used 102158K, committed 103104K, reserved 557056K
  class space    used 14226K, committed 14656K, reserved 425984K
}

Dll operation events (14 events):
Event: 0.007 Loaded shared library C:\Program Files\Microsoft\jdk-17.0.8.7-hotspot\bin\java.dll
Event: 0.033 Loaded shared library C:\Program Files\Microsoft\jdk-17.0.8.7-hotspot\bin\jsvml.dll
Event: 0.076 Loaded shared library C:\Program Files\Microsoft\jdk-17.0.8.7-hotspot\bin\zip.dll
Event: 0.078 Loaded shared library C:\Program Files\Microsoft\jdk-17.0.8.7-hotspot\bin\instrument.dll
Event: 0.082 Loaded shared library C:\Program Files\Microsoft\jdk-17.0.8.7-hotspot\bin\net.dll
Event: 0.083 Loaded shared library C:\Program Files\Microsoft\jdk-17.0.8.7-hotspot\bin\nio.dll
Event: 0.086 Loaded shared library C:\Program Files\Microsoft\jdk-17.0.8.7-hotspot\bin\zip.dll
Event: 0.261 Loaded shared library C:\Program Files\Microsoft\jdk-17.0.8.7-hotspot\bin\jimage.dll
Event: 0.326 Loaded shared library C:\Program Files\Microsoft\jdk-17.0.8.7-hotspot\bin\verify.dll
Event: 0.481 Loaded shared library C:\Users\lab_services_student\.gradle\native\68d5fa5c4cc2d200863cafc0d521ce42e7d3e7ee720ec0a83991735586a16f82\windows-amd64\native-platform.dll
Event: 0.487 Loaded shared library C:\Users\lab_services_student\.gradle\native\e376f236ea51e6404a007f0833ffe2c6e607c4080706a723a18a27aeea778392\windows-amd64\native-platform-file-events.dll
Event: 2.436 Loaded shared library C:\Program Files\Microsoft\jdk-17.0.8.7-hotspot\bin\management.dll
Event: 2.438 Loaded shared library C:\Program Files\Microsoft\jdk-17.0.8.7-hotspot\bin\management_ext.dll
Event: 2.876 Loaded shared library C:\Program Files\Microsoft\jdk-17.0.8.7-hotspot\bin\sunmscapi.dll

Deoptimization events (20 events):
Event: 36.290 Thread 0x00000214e7a31570 Uncommon trap: trap_request=0xffffff45 fr.pc=0x00000214b7ce6ef0 relative=0x0000000000003730
Event: 36.290 Thread 0x00000214e7a31570 Uncommon trap: reason=unstable_if action=reinterpret pc=0x00000214b7ce6ef0 method=org.gradle.execution.plan.NodeComparator.compare(Lorg/gradle/execution/plan/Node;Lorg/gradle/execution/plan/Node;)I @ 37 c2
Event: 36.291 Thread 0x00000214e7a31570 DEOPT PACKING pc=0x00000214b7ce6ef0 sp=0x000000c93edfe890
Event: 36.291 Thread 0x00000214e7a31570 DEOPT UNPACKING pc=0x00000214b72ba1a3 sp=0x000000c93edfe840 mode 2
Event: 36.293 Thread 0x00000214e7a31570 Uncommon trap: trap_request=0xffffffc6 fr.pc=0x00000214b7fbc148 relative=0x00000000000000a8
Event: 36.293 Thread 0x00000214e7a31570 Uncommon trap: reason=bimorphic_or_optimized_type_check action=maybe_recompile pc=0x00000214b7fbc148 method=org.gradle.execution.plan.ActionNode.hasPendingPreExecutionNodes()Z @ 11 c2
Event: 36.293 Thread 0x00000214e7a31570 DEOPT PACKING pc=0x00000214b7fbc148 sp=0x000000c93edfea90
Event: 36.293 Thread 0x00000214e7a31570 DEOPT UNPACKING pc=0x00000214b72ba1a3 sp=0x000000c93edfea18 mode 2
Event: 36.304 Thread 0x00000214e7a35230 Uncommon trap: trap_request=0xffffffc6 fr.pc=0x00000214b7fbc148 relative=0x00000000000000a8
Event: 36.304 Thread 0x00000214e7a35230 Uncommon trap: reason=bimorphic_or_optimized_type_check action=maybe_recompile pc=0x00000214b7fbc148 method=org.gradle.execution.plan.ActionNode.hasPendingPreExecutionNodes()Z @ 11 c2
Event: 36.304 Thread 0x00000214e7a35230 DEOPT PACKING pc=0x00000214b7fbc148 sp=0x000000c93ecfece0
Event: 36.304 Thread 0x00000214e7a35230 DEOPT UNPACKING pc=0x00000214b72ba1a3 sp=0x000000c93ecfec68 mode 2
Event: 36.309 Thread 0x00000214e7a35230 Uncommon trap: trap_request=0xffffffc6 fr.pc=0x00000214b7fbc148 relative=0x00000000000000a8
Event: 36.309 Thread 0x00000214e7a35230 Uncommon trap: reason=bimorphic_or_optimized_type_check action=maybe_recompile pc=0x00000214b7fbc148 method=org.gradle.execution.plan.ActionNode.hasPendingPreExecutionNodes()Z @ 11 c2
Event: 36.309 Thread 0x00000214e7a35230 DEOPT PACKING pc=0x00000214b7fbc148 sp=0x000000c93ecfece0
Event: 36.309 Thread 0x00000214e7a35230 DEOPT UNPACKING pc=0x00000214b72ba1a3 sp=0x000000c93ecfec68 mode 2
Event: 36.332 Thread 0x00000214e7a35230 Uncommon trap: trap_request=0xffffffd6 fr.pc=0x00000214b7a36e38 relative=0x0000000000000818
Event: 36.332 Thread 0x00000214e7a35230 Uncommon trap: reason=array_check action=maybe_recompile pc=0x00000214b7a36e38 method=java.util.TimSort.binarySort([Ljava/lang/Object;IIILjava/util/Comparator;)V @ 193 c2
Event: 36.332 Thread 0x00000214e7a35230 DEOPT PACKING pc=0x00000214b7a36e38 sp=0x000000c93ecfab70
Event: 36.332 Thread 0x00000214e7a35230 DEOPT UNPACKING pc=0x00000214b72ba1a3 sp=0x000000c93ecfab18 mode 2

Classes unloaded (0 events):
No events

Classes redefined (0 events):
No events

Internal exceptions (20 events):
Event: 33.795 Thread 0x00000214e6c3fa40 Exception <a 'sun/nio/fs/WindowsException'{0x000000008afa3990}> (0x000000008afa3990) 
thrown [s\src\hotspot\share\prims\jni.cpp, line 516]
Event: 33.796 Thread 0x00000214e6c3fa40 Exception <a 'sun/nio/fs/WindowsException'{0x000000008afa5080}> (0x000000008afa5080) 
thrown [s\src\hotspot\share\prims\jni.cpp, line 516]
Event: 34.318 Thread 0x00000214e6c3fa40 Implicit null exception at 0x00000214b7ed3e88 to 0x00000214b7ed4e0c
Event: 34.789 Thread 0x00000214e6c3fa40 Exception <a 'java/lang/IncompatibleClassChangeError'{0x000000008aa31a88}: Found class java.lang.Object, but interface was expected> (0x000000008aa31a88) 
thrown [s\src\hotspot\share\interpreter\linkResolver.cpp, line 826]
Event: 34.921 Thread 0x00000214e6c3fa40 Exception <a 'sun/nio/fs/WindowsException'{0x000000008bf218f8}> (0x000000008bf218f8) 
thrown [s\src\hotspot\share\prims\jni.cpp, line 516]
Event: 34.921 Thread 0x00000214e6c3fa40 Exception <a 'sun/nio/fs/WindowsException'{0x000000008bf22f98}> (0x000000008bf22f98) 
thrown [s\src\hotspot\share\prims\jni.cpp, line 516]
Event: 34.921 Thread 0x00000214e6c3fa40 Exception <a 'sun/nio/fs/WindowsException'{0x000000008bf24688}> (0x000000008bf24688) 
thrown [s\src\hotspot\share\prims\jni.cpp, line 516]
Event: 34.921 Thread 0x00000214e6c3fa40 Exception <a 'sun/nio/fs/WindowsException'{0x000000008bf25d78}> (0x000000008bf25d78) 
thrown [s\src\hotspot\share\prims\jni.cpp, line 516]
Event: 35.449 Thread 0x00000214e7a31570 Exception <a 'java/lang/NoSuchMethodError'{0x000000008d682730}: 'void java.lang.invoke.DirectMethodHandle$Holder.invokeStatic(java.lang.Object, java.lang.Object, java.lang.Object, java.lang.Object, int, java.lang.Object, java.lang.Object)'> (0x000000008d682730) 
thrown [s\src\hotspot\share\interpreter\linkResolver.cpp, line 759]
Event: 35.476 Thread 0x00000214e96339e0 Exception <a 'java/lang/NoSuchMethodError'{0x000000008d52fbf0}: 'java.lang.Object java.lang.invoke.DirectMethodHandle$Holder.invokeSpecialIFC(java.lang.Object, java.lang.Object, java.lang.Object)'> (0x000000008d52fbf0) 
thrown [s\src\hotspot\share\interpreter\linkResolver.cpp, line 759]
Event: 35.477 Thread 0x00000214e7a31570 Exception <a 'java/lang/NoSuchMethodError'{0x000000008d44a638}: 'java.lang.Object java.lang.invoke.DirectMethodHandle$Holder.invokeSpecialIFC(java.lang.Object, java.lang.Object, java.lang.Object)'> (0x000000008d44a638) 
thrown [s\src\hotspot\share\interpreter\linkResolver.cpp, line 759]
Event: 35.606 Thread 0x00000214e7a31570 Exception <a 'java/lang/NoSuchMethodError'{0x000000008ced54b0}: 'void java.lang.invoke.DirectMethodHandle$Holder.invokeVirtual(java.lang.Object, java.lang.Object)'> (0x000000008ced54b0) 
thrown [s\src\hotspot\share\interpreter\linkResolver.cpp, line 759]
Event: 35.848 Thread 0x00000214e7a31570 Implicit null exception at 0x00000214b7fc97d4 to 0x00000214b7fc983c
Event: 36.227 Thread 0x00000214e7a35230 Exception <a 'java/lang/ClassNotFoundException'{0x000000008db30ce0}: groovy/util/FileTreeBuilderBeanInfo> (0x000000008db30ce0) 
thrown [s\src\hotspot\share\classfile\systemDictionary.cpp, line 256]
Event: 36.228 Thread 0x00000214e7a35230 Exception <a 'java/lang/ClassNotFoundException'{0x000000008db982e8}: groovy/util/FileTreeBuilderCustomizer> (0x000000008db982e8) 
thrown [s\src\hotspot\share\classfile\systemDictionary.cpp, line 256]
Event: 36.244 Thread 0x00000214e7a35230 Exception <a 'java/lang/ClassNotFoundException'{0x000000008dbde9a0}: java/io/BufferedWriterBeanInfo> (0x000000008dbde9a0) 
thrown [s\src\hotspot\share\classfile\systemDictionary.cpp, line 256]
Event: 36.245 Thread 0x00000214e7a35230 Exception <a 'java/lang/ClassNotFoundException'{0x000000008dbe4368}: java/io/WriterBeanInfo> (0x000000008dbe4368) 
thrown [s\src\hotspot\share\classfile\systemDictionary.cpp, line 256]
Event: 36.245 Thread 0x00000214e7a35230 Exception <a 'java/lang/ClassNotFoundException'{0x000000008dbe9f18}: java/io/WriterCustomizer> (0x000000008dbe9f18) 
thrown [s\src\hotspot\share\classfile\systemDictionary.cpp, line 256]
Event: 36.245 Thread 0x00000214e7a35230 Exception <a 'java/lang/ClassNotFoundException'{0x000000008dbf90f8}: java/io/BufferedWriterCustomizer> (0x000000008dbf90f8) 
thrown [s\src\hotspot\share\classfile\systemDictionary.cpp, line 256]
Event: 36.284 Thread 0x00000214e7a35230 Exception <a 'java/lang/NoSuchMethodError'{0x000000008da98ab0}: static Lcom/android/build/api/variant/BuildConfigField;.<clinit>()V> (0x000000008da98ab0) 
thrown [s\src\hotspot\share\prims\jni.cpp, line 1107]

VM Operations (20 events):
Event: 35.506 Executing VM operation: HandshakeAllThreads
Event: 35.506 Executing VM operation: HandshakeAllThreads done
Event: 35.717 Executing VM operation: ICBufferFull
Event: 35.717 Executing VM operation: ICBufferFull done
Event: 35.921 Executing VM operation: HandshakeAllThreads
Event: 35.921 Executing VM operation: HandshakeAllThreads done
Event: 35.936 Executing VM operation: ICBufferFull
Event: 35.936 Executing VM operation: ICBufferFull done
Event: 35.954 Executing VM operation: HandshakeAllThreads
Event: 35.958 Executing VM operation: HandshakeAllThreads done
Event: 36.012 Executing VM operation: G1CollectForAllocation
Event: 36.026 Executing VM operation: G1CollectForAllocation done
Event: 36.236 Executing VM operation: HandshakeAllThreads
Event: 36.237 Executing VM operation: HandshakeAllThreads done
Event: 36.239 Executing VM operation: HandshakeAllThreads
Event: 36.239 Executing VM operation: HandshakeAllThreads done
Event: 36.239 Executing VM operation: HandshakeAllThreads
Event: 36.240 Executing VM operation: HandshakeAllThreads done
Event: 36.347 Executing VM operation: ICBufferFull
Event: 36.355 Executing VM operation: ICBufferFull done

Events (20 events):
Event: 36.264 Thread 0x00000214c5e4e3d0 flushing nmethod 0x00000214b14ba210
Event: 36.264 Thread 0x00000214c5e4e3d0 flushing nmethod 0x00000214b14bb210
Event: 36.264 Thread 0x00000214c5e4e3d0 flushing nmethod 0x00000214b1520110
Event: 36.264 Thread 0x00000214c5e4e3d0 flushing nmethod 0x00000214b1520590
Event: 36.264 Thread 0x00000214c5e4e3d0 flushing nmethod 0x00000214b1521090
Event: 36.264 Thread 0x00000214c5e4e3d0 flushing nmethod 0x00000214b1522710
Event: 36.264 Thread 0x00000214c5e4e3d0 flushing nmethod 0x00000214b1522b10
Event: 36.264 Thread 0x00000214c5e4e3d0 flushing nmethod 0x00000214b1522f10
Event: 36.264 Thread 0x00000214c5e4e3d0 flushing nmethod 0x00000214b1523390
Event: 36.264 Thread 0x00000214c5e4e3d0 flushing nmethod 0x00000214b1523990
Event: 36.264 Thread 0x00000214c5e4e3d0 flushing nmethod 0x00000214b1524410
Event: 36.264 Thread 0x00000214c5e4e3d0 flushing nmethod 0x00000214b1524910
Event: 36.264 Thread 0x00000214c5e4e3d0 flushing nmethod 0x00000214b1525910
Event: 36.264 Thread 0x00000214c5e4e3d0 flushing nmethod 0x00000214b1526510
Event: 36.264 Thread 0x00000214c5e4e3d0 flushing nmethod 0x00000214b1527090
Event: 36.264 Thread 0x00000214c5e4e3d0 flushing nmethod 0x00000214b153ef90
Event: 36.264 Thread 0x00000214c5e4e3d0 flushing nmethod 0x00000214b1546490
Event: 36.264 Thread 0x00000214c5e4e3d0 flushing nmethod 0x00000214b1549a10
Event: 36.264 Thread 0x00000214c5e4e3d0 flushing nmethod 0x00000214b154dc10
Event: 36.264 Thread 0x00000214c5e4e3d0 flushing nmethod 0x00000214b154e410


Dynamic libraries:
0x00007ff6e2e60000 - 0x00007ff6e2e6e000 	C:\Program Files\Microsoft\jdk-17.0.8.7-hotspot\bin\java.exe
0x00007ffdc2640000 - 0x00007ffdc2849000 	C:\Windows\SYSTEM32\ntdll.dll
0x00007ffdc1860000 - 0x00007ffdc191d000 	C:\Windows\System32\KERNEL32.DLL
0x00007ffdbfd90000 - 0x00007ffdc0114000 	C:\Windows\System32\KERNELBASE.dll
0x00007ffdc0370000 - 0x00007ffdc0481000 	C:\Windows\System32\ucrtbase.dll
0x00007ffdb7610000 - 0x00007ffdb762b000 	C:\Program Files\Microsoft\jdk-17.0.8.7-hotspot\bin\VCRUNTIME140.dll
0x00007ffdbb3f0000 - 0x00007ffdbb407000 	C:\Program Files\Microsoft\jdk-17.0.8.7-hotspot\bin\jli.dll
0x00007ffd9fb00000 - 0x00007ffd9fda5000 	C:\Windows\WinSxS\amd64_microsoft.windows.common-controls_6595b64144ccf1df_6.0.22000.120_none_9d947278b86cc467\COMCTL32.dll
0x00007ffdc2350000 - 0x00007ffdc24fd000 	C:\Windows\System32\USER32.dll
0x00007ffdbfbf0000 - 0x00007ffdbfc16000 	C:\Windows\System32\win32u.dll
0x00007ffdc2510000 - 0x00007ffdc25b3000 	C:\Windows\System32\msvcrt.dll
0x00007ffdc25c0000 - 0x00007ffdc25ea000 	C:\Windows\System32\GDI32.dll
0x00007ffdbfad0000 - 0x00007ffdbfbee000 	C:\Windows\System32\gdi32full.dll
0x00007ffdc01e0000 - 0x00007ffdc027d000 	C:\Windows\System32\msvcp_win.dll
0x00007ffdc2220000 - 0x00007ffdc2251000 	C:\Windows\System32\IMM32.DLL
0x00007ffdbb7b0000 - 0x00007ffdbb7bc000 	C:\Program Files\Microsoft\jdk-17.0.8.7-hotspot\bin\vcruntime140_1.dll
0x00007ffda0df0000 - 0x00007ffda0e7d000 	C:\Program Files\Microsoft\jdk-17.0.8.7-hotspot\bin\msvcp140.dll
0x00007ffd3aa90000 - 0x00007ffd3b6f5000 	C:\Program Files\Microsoft\jdk-17.0.8.7-hotspot\bin\server\jvm.dll
0x00007ffdc1f80000 - 0x00007ffdc202e000 	C:\Windows\System32\ADVAPI32.dll
0x00007ffdc15c0000 - 0x00007ffdc165e000 	C:\Windows\System32\sechost.dll
0x00007ffdc13e0000 - 0x00007ffdc1501000 	C:\Windows\System32\RPCRT4.dll
0x00007ffdbf9a0000 - 0x00007ffdbf9ed000 	C:\Windows\SYSTEM32\POWRPROF.dll
0x00007ffdbb3e0000 - 0x00007ffdbb3e9000 	C:\Windows\SYSTEM32\WSOCK32.dll
0x00007ffdc0490000 - 0x00007ffdc04ff000 	C:\Windows\System32\WS2_32.dll
0x00007ffdb53d0000 - 0x00007ffdb5403000 	C:\Windows\SYSTEM32\WINMM.dll
0x00007ffdb57f0000 - 0x00007ffdb57fa000 	C:\Windows\SYSTEM32\VERSION.dll
0x00007ffdbf980000 - 0x00007ffdbf993000 	C:\Windows\SYSTEM32\UMPDC.dll
0x00007ffdbeb00000 - 0x00007ffdbeb18000 	C:\Windows\SYSTEM32\kernel.appcore.dll
0x00007ffda9e20000 - 0x00007ffda9e2a000 	C:\Program Files\Microsoft\jdk-17.0.8.7-hotspot\bin\jimage.dll
0x00007ffdb33f0000 - 0x00007ffdb3611000 	C:\Windows\SYSTEM32\DBGHELP.DLL
0x00007ffdb44f0000 - 0x00007ffdb4521000 	C:\Windows\SYSTEM32\dbgcore.DLL
0x00007ffdc02f0000 - 0x00007ffdc036f000 	C:\Windows\System32\bcryptPrimitives.dll
0x00007ffda2000000 - 0x00007ffda200e000 	C:\Program Files\Microsoft\jdk-17.0.8.7-hotspot\bin\instrument.dll
0x00007ffda34f0000 - 0x00007ffda3515000 	C:\Program Files\Microsoft\jdk-17.0.8.7-hotspot\bin\java.dll
0x00007ffda0d10000 - 0x00007ffda0de7000 	C:\Program Files\Microsoft\jdk-17.0.8.7-hotspot\bin\jsvml.dll
0x00007ffdc0730000 - 0x00007ffdc0ef5000 	C:\Windows\System32\SHELL32.dll
0x00007ffdbdb60000 - 0x00007ffdbe3c2000 	C:\Windows\SYSTEM32\windows.storage.dll
0x00007ffdc1b50000 - 0x00007ffdc1ec6000 	C:\Windows\System32\combase.dll
0x00007ffdbd9f0000 - 0x00007ffdbdb57000 	C:\Windows\SYSTEM32\wintypes.dll
0x00007ffdc2030000 - 0x00007ffdc211a000 	C:\Windows\System32\SHCORE.dll
0x00007ffdc1780000 - 0x00007ffdc17dd000 	C:\Windows\System32\shlwapi.dll
0x00007ffdbfa00000 - 0x00007ffdbfa25000 	C:\Windows\SYSTEM32\profapi.dll
0x00007ffda33d0000 - 0x00007ffda33e8000 	C:\Program Files\Microsoft\jdk-17.0.8.7-hotspot\bin\zip.dll
0x00007ffda34d0000 - 0x00007ffda34e9000 	C:\Program Files\Microsoft\jdk-17.0.8.7-hotspot\bin\net.dll
0x00007ffdb9250000 - 0x00007ffdb9364000 	C:\Windows\SYSTEM32\WINHTTP.dll
0x00007ffdbefa0000 - 0x00007ffdbf007000 	C:\Windows\system32\mswsock.dll
0x00007ffda33f0000 - 0x00007ffda3406000 	C:\Program Files\Microsoft\jdk-17.0.8.7-hotspot\bin\nio.dll
0x00007ffda9a00000 - 0x00007ffda9a10000 	C:\Program Files\Microsoft\jdk-17.0.8.7-hotspot\bin\verify.dll
0x00007ffda1700000 - 0x00007ffda1727000 	C:\Users\lab_services_student\.gradle\native\68d5fa5c4cc2d200863cafc0d521ce42e7d3e7ee720ec0a83991735586a16f82\windows-amd64\native-platform.dll
0x00007ffd9d440000 - 0x00007ffd9d584000 	C:\Users\lab_services_student\.gradle\native\e376f236ea51e6404a007f0833ffe2c6e607c4080706a723a18a27aeea778392\windows-amd64\native-platform-file-events.dll
0x00007ffda4ce0000 - 0x00007ffda4ce9000 	C:\Program Files\Microsoft\jdk-17.0.8.7-hotspot\bin\management.dll
0x00007ffda33c0000 - 0x00007ffda33cb000 	C:\Program Files\Microsoft\jdk-17.0.8.7-hotspot\bin\management_ext.dll
0x00007ffdc1850000 - 0x00007ffdc1858000 	C:\Windows\System32\PSAPI.DLL
0x00007ffdbf270000 - 0x00007ffdbf288000 	C:\Windows\SYSTEM32\CRYPTSP.dll
0x00007ffdbea60000 - 0x00007ffdbea95000 	C:\Windows\system32\rsaenh.dll
0x00007ffdbf040000 - 0x00007ffdbf06c000 	C:\Windows\SYSTEM32\USERENV.dll
0x00007ffdbf3b0000 - 0x00007ffdbf3d7000 	C:\Windows\SYSTEM32\bcrypt.dll
0x00007ffdbf190000 - 0x00007ffdbf19c000 	C:\Windows\SYSTEM32\CRYPTBASE.dll
0x00007ffdbe610000 - 0x00007ffdbe63d000 	C:\Windows\SYSTEM32\IPHLPAPI.DLL
0x00007ffdc1920000 - 0x00007ffdc1929000 	C:\Windows\System32\NSI.dll
0x00007ffdb94b0000 - 0x00007ffdb94c9000 	C:\Windows\SYSTEM32\dhcpcsvc6.DLL
0x00007ffdb9580000 - 0x00007ffdb959e000 	C:\Windows\SYSTEM32\dhcpcsvc.DLL
0x00007ffdbe640000 - 0x00007ffdbe727000 	C:\Windows\SYSTEM32\DNSAPI.dll
0x00007ffda1ec0000 - 0x00007ffda1ece000 	C:\Program Files\Microsoft\jdk-17.0.8.7-hotspot\bin\sunmscapi.dll
0x00007ffdbfc20000 - 0x00007ffdbfd82000 	C:\Windows\System32\CRYPT32.dll
0x00007ffdbf380000 - 0x00007ffdbf3a8000 	C:\Windows\SYSTEM32\ncrypt.dll
0x00007ffdbf340000 - 0x00007ffdbf377000 	C:\Windows\SYSTEM32\NTASN1.dll
0x00007ffd99dc0000 - 0x00007ffd99dc8000 	C:\Windows\system32\wshunix.dll
0x00007ffdb6380000 - 0x00007ffdb638a000 	C:\Windows\System32\rasadhlp.dll
0x00007ffdb7750000 - 0x00007ffdb77d1000 	C:\Windows\System32\fwpuclnt.dll
0x00007ffdb3890000 - 0x00007ffdb38a7000 	C:\Windows\system32\napinsp.dll
0x00007ffda97b0000 - 0x00007ffda97cb000 	C:\Windows\system32\pnrpnsp.dll
0x00007ffda9790000 - 0x00007ffda97a2000 	C:\Windows\System32\winrnr.dll
0x00007ffda9770000 - 0x00007ffda9785000 	C:\Windows\system32\wshbth.dll
0x00007ffda9750000 - 0x00007ffda976f000 	C:\Windows\system32\nlansp_c.dll

dbghelp: loaded successfully - version: 4.0.5 - missing functions: none
symbol engine: initialized successfully - sym options: 0x614 - pdb path: .;C:\Program Files\Microsoft\jdk-17.0.8.7-hotspot\bin;C:\Windows\SYSTEM32;C:\Windows\WinSxS\amd64_microsoft.windows.common-controls_6595b64144ccf1df_6.0.22000.120_none_9d947278b86cc467;C:\Program Files\Microsoft\jdk-17.0.8.7-hotspot\bin\server;C:\Users\lab_services_student\.gradle\native\68d5fa5c4cc2d200863cafc0d521ce42e7d3e7ee720ec0a83991735586a16f82\windows-amd64;C:\Users\lab_services_student\.gradle\native\e376f236ea51e6404a007f0833ffe2c6e607c4080706a723a18a27aeea778392\windows-amd64

VM Arguments:
jvm_args: -XX:MaxMetaspaceSize=512m --add-opens=java.base/java.util=ALL-UNNAMED --add-opens=java.base/java.lang=ALL-UNNAMED --add-opens=java.base/java.lang.invoke=ALL-UNNAMED --add-opens=java.prefs/java.util.prefs=ALL-UNNAMED --add-opens=java.base/java.nio.charset=ALL-UNNAMED --add-opens=java.base/java.net=ALL-UNNAMED --add-opens=java.base/java.util.concurrent.atomic=ALL-UNNAMED -Xmx2048m -Dfile.encoding=windows-1252 -Duser.country=ZA -Duser.language=en -Duser.variant -javaagent:C:\Users\lab_services_student\.gradle\wrapper\dists\gradle-8.3-all\6en3ugtfdg5xnpx44z4qbwgas\gradle-8.3\lib\agents\gradle-instrumentation-agent-8.3.jar 
java_command: org.gradle.launcher.daemon.bootstrap.GradleDaemon 8.3
java_class_path (initial): C:\Users\lab_services_student\.gradle\wrapper\dists\gradle-8.3-all\6en3ugtfdg5xnpx44z4qbwgas\gradle-8.3\lib\gradle-launcher-8.3.jar
Launcher Type: SUN_STANDARD

[Global flags]
     intx CICompilerCount                          = 3                                         {product} {ergonomic}
   size_t CompressedClassSpaceSize                 = 436207616                                 {product} {ergonomic}
     uint ConcGCThreads                            = 1                                         {product} {ergonomic}
     uint G1ConcRefinementThreads                  = 4                                         {product} {ergonomic}
   size_t G1HeapRegionSize                         = 1048576                                   {product} {ergonomic}
    uintx GCDrainStackTargetSize                   = 64                                        {product} {ergonomic}
   size_t InitialHeapSize                          = 268435456                                 {product} {ergonomic}
   size_t MarkStackSize                            = 4194304                                   {product} {ergonomic}
   size_t MaxHeapSize                              = 2147483648                                {product} {command line}
   size_t MaxMetaspaceSize                         = 536870912                                 {product} {command line}
   size_t MaxNewSize                               = 1287651328                                {product} {ergonomic}
   size_t MinHeapDeltaBytes                        = 1048576                                   {product} {ergonomic}
   size_t MinHeapSize                              = 8388608                                   {product} {ergonomic}
    uintx NonNMethodCodeHeapSize                   = 5832780                                {pd product} {ergonomic}
    uintx NonProfiledCodeHeapSize                  = 122912730                              {pd product} {ergonomic}
    uintx ProfiledCodeHeapSize                     = 122912730                              {pd product} {ergonomic}
    uintx ReservedCodeCacheSize                    = 251658240                              {pd product} {ergonomic}
     bool SegmentedCodeCache                       = true                                      {product} {ergonomic}
   size_t SoftMaxHeapSize                          = 2147483648                             {manageable} {ergonomic}
     bool UseCompressedClassPointers               = true                           {product lp64_product} {ergonomic}
     bool UseCompressedOops                        = true                           {product lp64_product} {ergonomic}
     bool UseG1GC                                  = true                                      {product} {ergonomic}
     bool UseLargePagesIndividualAllocation        = false                                  {pd product} {ergonomic}

Logging:
Log output configuration:
 #0: stdout all=warning uptime,level,tags
 #1: stderr all=off uptime,level,tags

Environment Variables:
JAVA_HOME=C:\Program Files\Microsoft\jdk-17.0.8.7-hotspot\
CLASSPATH=C:\Users\lab_services_student\Documents\bookProject\AwesomeProject\android\\gradle\wrapper\gradle-wrapper.jar
PATH=C:\Users\lab_services_student\Documents\bookProject\AwesomeProject\node_modules\.bin;C:\Users\lab_services_student\Documents\bookProject\AwesomeProject\node_modules\.bin;C:\Users\lab_services_student\Documents\bookProject\node_modules\.bin;C:\Users\lab_services_student\Documents\node_modules\.bin;C:\Users\lab_services_student\node_modules\.bin;C:\Users\node_modules\.bin;C:\node_modules\.bin;C:\Program Files\nodejs\node_modules\npm\node_modules\@npmcli\run-script\lib\node-gyp-bin;C:\Users\lab_services_student\Documents\bookProject\AwesomeProject\node_modules\.bin;C:\Users\lab_services_student\Documents\bookProject\node_modules\.bin;C:\Users\lab_services_student\Documents\node_modules\.bin;C:\Users\lab_services_student\node_modules\.bin;C:\Users\node_modules\.bin;C:\node_modules\.bin;C:\Program Files\nodejs\node_modules\npm\node_modules\@npmcli\run-script\lib\node-gyp-bin;C:\Python312\Scripts\;C:\Python312\;C:\Program Files\Microsoft\jdk-17.0.8.7-hotspot\bin;C:\Windows\system32;C:\Windows;C:\Windows\System32\Wbem;C:\Windows\System32\WindowsPowerShell\v1.0\;C:\Windows\System32\OpenSSH\;C:\ProgramData\chocolatey\bin;C:\Program Files\Microsoft VS Code\bin;C:\Program Files\nodejs\;%LOCALAPPDATA%\Android\Sdk\platform-tools;C:\Program Files\Git\cmd;C:\Users\lab_services_student\AppData\Local\Microsoft\WindowsApps;C:\Users\lab_services_student\AppData\Roaming\npm;C:\Users\lab_services_student\AppData\Local\GitHubDesktop\bin
USERNAME=lab_services_student
LANG=en_US.UTF-8
OS=Windows_NT
PROCESSOR_IDENTIFIER=Intel64 Family 6 Model 85 Stepping 7, GenuineIntel
TMP=C:\Users\LAB_SE~1\AppData\Local\Temp
TEMP=C:\Users\LAB_SE~1\AppData\Local\Temp



---------------  S Y S T E M  ---------------

OS:
 Windows 11 , 64 bit Build 22000 (10.0.22000.2538)
OS uptime: 0 days 0:15 hours
Hyper-V role detected

CPU: total 4 (initial active 4) (2 cores per cpu, 2 threads per core) family 6 model 85 stepping 7 microcode 0xffffffff, cx8, cmov, fxsr, ht, mmx, 3dnowpref, sse, sse2, sse3, ssse3, sse4.1, sse4.2, popcnt, lzcnt, tsc, avx, avx2, aes, erms, clmul, bmi1, bmi2, rtm, adx, avx512f, avx512dq, avx512cd, avx512bw, avx512vl, fma, vzeroupper, avx512_vnni, clflush, clflushopt, clwb, hv
Processor Information for all 4 processors :
  Max Mhz: 2594, Current Mhz: 2594, Mhz Limit: 2594

Memory: 4k page, system-wide physical 16382M (8926M free)
TotalPageFile size 18814M (AvailPageFile size 10544M)
current process WorkingSet (physical memory assigned to process): 541M, peak: 552M
current process commit charge ("private bytes"): 579M, peak: 591M

vm_info: OpenJDK 64-Bit Server VM (17.0.8+7-LTS) for windows-amd64 JRE (17.0.8+7-LTS), built on Jul  7 2023 17:21:55 by "MicrosoftCorporation" with MS VC++ 16.10 / 16.11 (VS2019)

END.
